#Sequence launch at 2016-10-31_10-00-01
----------------------EXPERIMENT-----------------------
DefaultSequence
 args = {}
----------------------STIMULUS-----------------------
Blank
 args = {'duration_s': 2}
----------------------STIMULUS-----------------------
Blank
 args = {'duration_s': 2}
----------------------STIMULUS-----------------------
Spot
 args = {'radius': 62.5, 'innerRadius': 0, 'duration_s': 2}
----------------------STIMULUS-----------------------
Blank
 args = {'duration_s': 6.5}
----------------------STIMULUS-----------------------
Spot
 args = {'radius': 125, 'innerRadius': 62.5, 'duration_s': 2}
----------------------STIMULUS-----------------------
Blank
 args = {'duration_s': 6.5}
----------------------STIMULUS-----------------------
Spot
 args = {'radius': 187.5, 'innerRadius': 125, 'duration_s': 2}
----------------------STIMULUS-----------------------
Blank
 args = {'duration_s': 6.5}
----------------------STIMULUS-----------------------
Spot
 args = {'radius': 250, 'innerRadius': 187.5, 'duration_s': 2}
----------------------STIMULUS-----------------------
Blank
 args = {'duration_s': 6.5}
----------------------STIMULUS-----------------------
Spot
 args = {'radius': 312.5, 'innerRadius': 250, 'duration_s': 2}
----------------------STIMULUS-----------------------
Blank
 args = {'duration_s': 6.5}
----------------------STIMULUS-----------------------
Spot
 args = {'radius': 375, 'innerRadius': 312.5, 'duration_s': 2}
----------------------STIMULUS-----------------------
Blank
 args = {'duration_s': 6.5}
----------------------STIMULUS-----------------------
Spot
 args = {'radius': 437.5, 'innerRadius': 375, 'duration_s': 2}
----------------------STIMULUS-----------------------
Blank
 args = {'duration_s': 6.5}
----------------------STIMULUS-----------------------
Spot
 args = {'radius': 500, 'innerRadius': 437.5, 'duration_s': 2}
----------------------STIMULUS-----------------------
Blank
 args = {'duration_s': 6.5}
----------------------STIMULUS-----------------------
Spot
 args = {'radius': 562.5, 'innerRadius': 500, 'duration_s': 2}
----------------------STIMULUS-----------------------
Blank
 args = {'duration_s': 6.5}
----------------------STIMULUS-----------------------
Spot
 args = {'radius': 5000, 'innerRadius': 562.5, 'duration_s': 2}
----------------------STIMULUS-----------------------
Blank
 args = {'duration_s': 4.5}
----------------------STIMULUS-----------------------
Blank
 args = {'duration_s': 2}
----------------------STIMULUS-----------------------
Spot
 args = {'radius': 62.5, 'innerRadius': 0, 'duration_s': 2}
----------------------STIMULUS-----------------------
Blank
 args = {'duration_s': 6.5}
----------------------STIMULUS-----------------------
Spot
 args = {'radius': 125, 'innerRadius': 62.5, 'duration_s': 2}
----------------------STIMULUS-----------------------
Blank
 args = {'duration_s': 6.5}
----------------------STIMULUS-----------------------
Spot
 args = {'radius': 187.5, 'innerRadius': 125, 'duration_s': 2}
----------------------STIMULUS-----------------------
Blank
 args = {'duration_s': 6.5}
----------------------STIMULUS-----------------------
Spot
 args = {'radius': 250, 'innerRadius': 187.5, 'duration_s': 2}
----------------------STIMULUS-----------------------
Blank
 args = {'duration_s': 6.5}
----------------------STIMULUS-----------------------
Spot
 args = {'radius': 312.5, 'innerRadius': 250, 'duration_s': 2}
----------------------STIMULUS-----------------------
Blank
 args = {'duration_s': 6.5}
----------------------STIMULUS-----------------------
Spot
 args = {'radius': 375, 'innerRadius': 312.5, 'duration_s': 2}
----------------------STIMULUS-----------------------
Blank
 args = {'duration_s': 6.5}
----------------------STIMULUS-----------------------
Spot
 args = {'radius': 437.5, 'innerRadius': 375, 'duration_s': 2}
----------------------STIMULUS-----------------------
Blank
 args = {'duration_s': 6.5}
----------------------STIMULUS-----------------------
Spot
 args = {'radius': 500, 'innerRadius': 437.5, 'duration_s': 2}
----------------------STIMULUS-----------------------
Blank
 args = {'duration_s': 6.5}
----------------------STIMULUS-----------------------
Spot
 args = {'radius': 562.5, 'innerRadius': 500, 'duration_s': 2}
----------------------STIMULUS-----------------------
Blank
 args = {'duration_s': 6.5}
----------------------STIMULUS-----------------------
Spot
 args = {'radius': 5000, 'innerRadius': 562.5, 'duration_s': 2}
----------------------STIMULUS-----------------------
Blank
 args = {'duration_s': 4.5}
----------------------STIMULUS-----------------------
Blank
 args = {'duration_s': 2}
----------------------STIMULUS-----------------------
Spot
 args = {'radius': 62.5, 'innerRadius': 0, 'duration_s': 2}
----------------------STIMULUS-----------------------
Blank
 args = {'duration_s': 6.5}
----------------------STIMULUS-----------------------
Spot
 args = {'radius': 125, 'innerRadius': 62.5, 'duration_s': 2}
----------------------STIMULUS-----------------------
Blank
 args = {'duration_s': 6.5}
----------------------STIMULUS-----------------------
Spot
 args = {'radius': 187.5, 'innerRadius': 125, 'duration_s': 2}
----------------------STIMULUS-----------------------
Blank
 args = {'duration_s': 6.5}
----------------------STIMULUS-----------------------
Spot
 args = {'radius': 250, 'innerRadius': 187.5, 'duration_s': 2}
----------------------STIMULUS-----------------------
Blank
 args = {'duration_s': 6.5}
----------------------STIMULUS-----------------------
Spot
 args = {'radius': 312.5, 'innerRadius': 250, 'duration_s': 2}
----------------------STIMULUS-----------------------
Blank
 args = {'duration_s': 6.5}
----------------------STIMULUS-----------------------
Spot
 args = {'radius': 375, 'innerRadius': 312.5, 'duration_s': 2}
----------------------STIMULUS-----------------------
Blank
 args = {'duration_s': 6.5}
----------------------STIMULUS-----------------------
Spot
 args = {'radius': 437.5, 'innerRadius': 375, 'duration_s': 2}
----------------------STIMULUS-----------------------
Blank
 args = {'duration_s': 6.5}
----------------------STIMULUS-----------------------
Spot
 args = {'radius': 500, 'innerRadius': 437.5, 'duration_s': 2}
----------------------STIMULUS-----------------------
Blank
 args = {'duration_s': 6.5}
----------------------STIMULUS-----------------------
Spot
 args = {'radius': 562.5, 'innerRadius': 500, 'duration_s': 2}
----------------------STIMULUS-----------------------
Blank
 args = {'duration_s': 6.5}
----------------------STIMULUS-----------------------
Spot
 args = {'radius': 5000, 'innerRadius': 562.5, 'duration_s': 2}
----------------------STIMULUS-----------------------
Blank
 args = {'duration_s': 4.5}
----------------------STIMULUS-----------------------
Blank
 args = {'duration_s': 2}
