#Sequence launch at 2016-07-07_07-56-01
----------------------EXPERIMENT-----------------------
SpotSequence
 args = {}
----------------------STIMULUS-----------------------
Blank
 args = {'duration_s': 2}
----------------------STIMULUS-----------------------
Blank
 args = {'duration_s': 2}
----------------------STIMULUS-----------------------
Spot
 args = {'radius': 62.5, 'duration_s': 2, 'innerRadius': 0}
----------------------STIMULUS-----------------------
Blank
 args = {'duration_s': 6.5}
----------------------STIMULUS-----------------------
Spot
 args = {'radius': 125, 'duration_s': 2, 'innerRadius': 62.5}
----------------------STIMULUS-----------------------
Blank
 args = {'duration_s': 6.5}
----------------------STIMULUS-----------------------
Spot
 args = {'radius': 187.5, 'duration_s': 2, 'innerRadius': 125}
----------------------STIMULUS-----------------------
Blank
 args = {'duration_s': 6.5}
----------------------STIMULUS-----------------------
Spot
 args = {'radius': 250, 'duration_s': 2, 'innerRadius': 187.5}
----------------------STIMULUS-----------------------
Blank
 args = {'duration_s': 6.5}
----------------------STIMULUS-----------------------
Spot
 args = {'radius': 312.5, 'duration_s': 2, 'innerRadius': 250}
----------------------STIMULUS-----------------------
Blank
 args = {'duration_s': 6.5}
----------------------STIMULUS-----------------------
Spot
 args = {'radius': 375, 'duration_s': 2, 'innerRadius': 312.5}
----------------------STIMULUS-----------------------
Blank
 args = {'duration_s': 6.5}
----------------------STIMULUS-----------------------
Spot
 args = {'radius': 437.5, 'duration_s': 2, 'innerRadius': 375}
----------------------STIMULUS-----------------------
Blank
 args = {'duration_s': 6.5}
----------------------STIMULUS-----------------------
Spot
 args = {'radius': 500, 'duration_s': 2, 'innerRadius': 437.5}
----------------------STIMULUS-----------------------
Blank
 args = {'duration_s': 6.5}
----------------------STIMULUS-----------------------
Spot
 args = {'radius': 562.5, 'duration_s': 2, 'innerRadius': 500}
----------------------STIMULUS-----------------------
Blank
 args = {'duration_s': 6.5}
----------------------STIMULUS-----------------------
Spot
 args = {'radius': 5000, 'duration_s': 2, 'innerRadius': 562.5}
----------------------STIMULUS-----------------------
Blank
 args = {'duration_s': 4.5}
----------------------STIMULUS-----------------------
Blank
 args = {'duration_s': 2}
----------------------STIMULUS-----------------------
Spot
 args = {'radius': 62.5, 'duration_s': 2, 'innerRadius': 0}
----------------------STIMULUS-----------------------
Blank
 args = {'duration_s': 6.5}
----------------------STIMULUS-----------------------
Spot
 args = {'radius': 125, 'duration_s': 2, 'innerRadius': 62.5}
----------------------STIMULUS-----------------------
Blank
 args = {'duration_s': 6.5}
----------------------STIMULUS-----------------------
Spot
 args = {'radius': 187.5, 'duration_s': 2, 'innerRadius': 125}
----------------------STIMULUS-----------------------
Blank
 args = {'duration_s': 6.5}
----------------------STIMULUS-----------------------
Spot
 args = {'radius': 250, 'duration_s': 2, 'innerRadius': 187.5}
----------------------STIMULUS-----------------------
Blank
 args = {'duration_s': 6.5}
----------------------STIMULUS-----------------------
Spot
 args = {'radius': 312.5, 'duration_s': 2, 'innerRadius': 250}
----------------------STIMULUS-----------------------
Blank
 args = {'duration_s': 6.5}
----------------------STIMULUS-----------------------
Spot
 args = {'radius': 375, 'duration_s': 2, 'innerRadius': 312.5}
----------------------STIMULUS-----------------------
Blank
 args = {'duration_s': 6.5}
----------------------STIMULUS-----------------------
Spot
 args = {'radius': 437.5, 'duration_s': 2, 'innerRadius': 375}
----------------------STIMULUS-----------------------
Blank
 args = {'duration_s': 6.5}
----------------------STIMULUS-----------------------
Spot
 args = {'radius': 500, 'duration_s': 2, 'innerRadius': 437.5}
----------------------STIMULUS-----------------------
Blank
 args = {'duration_s': 6.5}
----------------------STIMULUS-----------------------
Spot
 args = {'radius': 562.5, 'duration_s': 2, 'innerRadius': 500}
----------------------STIMULUS-----------------------
Blank
 args = {'duration_s': 6.5}
----------------------STIMULUS-----------------------
Spot
 args = {'radius': 5000, 'duration_s': 2, 'innerRadius': 562.5}
----------------------STIMULUS-----------------------
Blank
 args = {'duration_s': 4.5}
----------------------STIMULUS-----------------------
Blank
 args = {'duration_s': 2}
----------------------STIMULUS-----------------------
Spot
 args = {'radius': 62.5, 'duration_s': 2, 'innerRadius': 0}
----------------------STIMULUS-----------------------
Blank
 args = {'duration_s': 6.5}
----------------------STIMULUS-----------------------
Spot
 args = {'radius': 125, 'duration_s': 2, 'innerRadius': 62.5}
----------------------STIMULUS-----------------------
Blank
 args = {'duration_s': 6.5}
----------------------STIMULUS-----------------------
Spot
 args = {'radius': 187.5, 'duration_s': 2, 'innerRadius': 125}
----------------------STIMULUS-----------------------
Blank
 args = {'duration_s': 6.5}
----------------------STIMULUS-----------------------
Spot
 args = {'radius': 250, 'duration_s': 2, 'innerRadius': 187.5}
----------------------STIMULUS-----------------------
Blank
 args = {'duration_s': 6.5}
----------------------STIMULUS-----------------------
Spot
 args = {'radius': 312.5, 'duration_s': 2, 'innerRadius': 250}
----------------------STIMULUS-----------------------
Blank
 args = {'duration_s': 6.5}
----------------------STIMULUS-----------------------
Spot
 args = {'radius': 375, 'duration_s': 2, 'innerRadius': 312.5}
----------------------STIMULUS-----------------------
Blank
 args = {'duration_s': 6.5}
----------------------STIMULUS-----------------------
Spot
 args = {'radius': 437.5, 'duration_s': 2, 'innerRadius': 375}
----------------------STIMULUS-----------------------
Blank
 args = {'duration_s': 6.5}
----------------------STIMULUS-----------------------
Spot
 args = {'radius': 500, 'duration_s': 2, 'innerRadius': 437.5}
----------------------STIMULUS-----------------------
Blank
 args = {'duration_s': 6.5}
----------------------STIMULUS-----------------------
Spot
 args = {'radius': 562.5, 'duration_s': 2, 'innerRadius': 500}
----------------------STIMULUS-----------------------
Blank
 args = {'duration_s': 6.5}
----------------------STIMULUS-----------------------
Spot
 args = {'radius': 5000, 'duration_s': 2, 'innerRadius': 562.5}
----------------------STIMULUS-----------------------
Blank
 args = {'duration_s': 4.5}
----------------------STIMULUS-----------------------
Blank
 args = {'duration_s': 2}
