#Sequence launch at 2016-10-30_12-28-39
----------------------EXPERIMENT-----------------------
DefaultSequence
 args = {}
----------------------STIMULUS-----------------------
Video
 args = {'spatialFilter': DogFftSpatSpec{'weight1': 10, 'sigma1': <Project.Components.Interactive.MouseWheel.MouseWheel object at 0x0B05BFD0>, 'weight2': 0}, 'duration_s': 8, 'videoPath': './Project/Media/Birds_7.mp4'}
----------------------STIMULUS-----------------------
Video
 args = {'spatialFilter': DogFftSpatSpec{'weight1': 10, 'sigma1': <Project.Components.Interactive.MouseWheel.MouseWheel object at 0x0B05BFD0>, 'weight2': 0}, 'duration_s': 8, 'videoPath': './Project/Media/Birds_7.mp4'}
----------------------STIMULUS-----------------------
Video
 args = {'spatialFilter': DogFftSpatSpec{'weight1': 10, 'sigma1': <Project.Components.Interactive.MouseWheel.MouseWheel object at 0x0B05BFD0>, 'weight2': 0}, 'duration_s': 8, 'videoPath': './Project/Media/Birds_7.mp4'}
----------------------STIMULUS-----------------------
Video
 args = {'spatialFilter': DogFftSpatSpec{'weight1': 10, 'sigma1': <Project.Components.Interactive.MouseWheel.MouseWheel object at 0x0B05BFD0>, 'weight2': 0}, 'duration_s': 8, 'videoPath': './Project/Media/Birds_7.mp4'}
----------------------STIMULUS-----------------------
Video
 args = {'spatialFilter': DogFftSpatSpec{'weight1': 10, 'sigma1': <Project.Components.Interactive.MouseWheel.MouseWheel object at 0x0B05BFD0>, 'weight2': 0}, 'duration_s': 8, 'videoPath': './Project/Media/Birds_7.mp4'}
----------------------STIMULUS-----------------------
Video
 args = {'spatialFilter': DogFftSpatSpec{'weight1': 10, 'sigma1': <Project.Components.Interactive.MouseWheel.MouseWheel object at 0x0B05BFD0>, 'weight2': 0}, 'duration_s': 8, 'videoPath': './Project/Media/Birds_7.mp4'}
----------------------STIMULUS-----------------------
Video
 args = {'spatialFilter': DogFftSpatSpec{'weight1': 10, 'sigma1': <Project.Components.Interactive.MouseWheel.MouseWheel object at 0x0B05BFD0>, 'weight2': 0}, 'duration_s': 8, 'videoPath': './Project/Media/Birds_7.mp4'}
----------------------STIMULUS-----------------------
Video
 args = {'spatialFilter': DogFftSpatSpec{'weight1': 10, 'sigma1': <Project.Components.Interactive.MouseWheel.MouseWheel object at 0x0B05BFD0>, 'weight2': 0}, 'duration_s': 8, 'videoPath': './Project/Media/Birds_7.mp4'}
----------------------STIMULUS-----------------------
Video
 args = {'spatialFilter': DogFftSpatSpec{'weight1': 10, 'sigma1': <Project.Components.Interactive.MouseWheel.MouseWheel object at 0x0B05BFD0>, 'weight2': 0}, 'duration_s': 8, 'videoPath': './Project/Media/Birds_7.mp4'}
----------------------STIMULUS-----------------------
Video
 args = {'spatialFilter': DogFftSpatSpec{'weight1': 10, 'sigma1': <Project.Components.Interactive.MouseWheel.MouseWheel object at 0x0B05BFD0>, 'weight2': 0}, 'duration_s': 8, 'videoPath': './Project/Media/Birds_7.mp4'}
----------------------STIMULUS-----------------------
Video
 args = {'spatialFilter': DogFftSpatSpec{'weight1': 10, 'sigma1': <Project.Components.Interactive.MouseWheel.MouseWheel object at 0x0B05BFD0>, 'weight2': 0}, 'duration_s': 8, 'videoPath': './Project/Media/Birds_7.mp4'}
----------------------STIMULUS-----------------------
Video
 args = {'spatialFilter': DogFftSpatSpec{'weight1': 10, 'sigma1': <Project.Components.Interactive.MouseWheel.MouseWheel object at 0x0B05BFD0>, 'weight2': 0}, 'duration_s': 8, 'videoPath': './Project/Media/Birds_7.mp4'}
----------------------STIMULUS-----------------------
Video
 args = {'spatialFilter': DogFftSpatSpec{'weight1': 10, 'sigma1': <Project.Components.Interactive.MouseWheel.MouseWheel object at 0x0B05BFD0>, 'weight2': 0}, 'duration_s': 8, 'videoPath': './Project/Media/Birds_7.mp4'}
----------------------STIMULUS-----------------------
Video
 args = {'spatialFilter': DogFftSpatSpec{'weight1': 10, 'sigma1': <Project.Components.Interactive.MouseWheel.MouseWheel object at 0x0B05BFD0>, 'weight2': 0}, 'duration_s': 8, 'videoPath': './Project/Media/Birds_7.mp4'}
----------------------STIMULUS-----------------------
Video
 args = {'spatialFilter': DogFftSpatSpec{'weight1': 10, 'sigma1': <Project.Components.Interactive.MouseWheel.MouseWheel object at 0x0B05BFD0>, 'weight2': 0}, 'duration_s': 8, 'videoPath': './Project/Media/Birds_7.mp4'}
----------------------STIMULUS-----------------------
Video
 args = {'spatialFilter': DogFftSpatSpec{'weight1': 10, 'sigma1': <Project.Components.Interactive.MouseWheel.MouseWheel object at 0x0B05BFD0>, 'weight2': 0}, 'duration_s': 8, 'videoPath': './Project/Media/Birds_7.mp4'}
----------------------STIMULUS-----------------------
Video
 args = {'spatialFilter': DogFftSpatSpec{'weight1': 10, 'sigma1': <Project.Components.Interactive.MouseWheel.MouseWheel object at 0x0B05BFD0>, 'weight2': 0}, 'duration_s': 8, 'videoPath': './Project/Media/Birds_7.mp4'}
----------------------STIMULUS-----------------------
Video
 args = {'spatialFilter': DogFftSpatSpec{'weight1': 10, 'sigma1': <Project.Components.Interactive.MouseWheel.MouseWheel object at 0x0B05BFD0>, 'weight2': 0}, 'duration_s': 8, 'videoPath': './Project/Media/Birds_7.mp4'}
----------------------STIMULUS-----------------------
Video
 args = {'spatialFilter': DogFftSpatSpec{'weight1': 10, 'sigma1': <Project.Components.Interactive.MouseWheel.MouseWheel object at 0x0B05BFD0>, 'weight2': 0}, 'duration_s': 8, 'videoPath': './Project/Media/Birds_7.mp4'}
----------------------STIMULUS-----------------------
Blank
 args = {'duration_s': 1}
