#Sequence launch at 2016-10-31_10-13-37
----------------------EXPERIMENT-----------------------
DefaultSequence
 args = {}
----------------------STIMULUS-----------------------
Blank
 args = {'duration_s': 2}
----------------------STIMULUS-----------------------
Blank
 args = {'duration_s': 1}
----------------------STIMULUS-----------------------
ScanRect
 args = {'grid': (7, 7), 'duration_s': 1, 'index': (2, 0)}
----------------------STIMULUS-----------------------
Blank
 args = {'duration_s': 2}
----------------------STIMULUS-----------------------
ScanRect
 args = {'grid': (7, 7), 'duration_s': 1, 'index': (6, 2)}
----------------------STIMULUS-----------------------
Blank
 args = {'duration_s': 2}
----------------------STIMULUS-----------------------
ScanRect
 args = {'grid': (7, 7), 'duration_s': 1, 'index': (2, 2)}
----------------------STIMULUS-----------------------
Blank
 args = {'duration_s': 2}
----------------------STIMULUS-----------------------
ScanRect
 args = {'grid': (7, 7), 'duration_s': 1, 'index': (1, 6)}
----------------------STIMULUS-----------------------
Blank
 args = {'duration_s': 2}
----------------------STIMULUS-----------------------
ScanRect
 args = {'grid': (7, 7), 'duration_s': 1, 'index': (0, 6)}
----------------------STIMULUS-----------------------
Blank
 args = {'duration_s': 2}
----------------------STIMULUS-----------------------
ScanRect
 args = {'grid': (7, 7), 'duration_s': 1, 'index': (2, 4)}
----------------------STIMULUS-----------------------
Blank
 args = {'duration_s': 2}
----------------------STIMULUS-----------------------
ScanRect
 args = {'grid': (7, 7), 'duration_s': 1, 'index': (3, 5)}
----------------------STIMULUS-----------------------
Blank
 args = {'duration_s': 2}
----------------------STIMULUS-----------------------
ScanRect
 args = {'grid': (7, 7), 'duration_s': 1, 'index': (6, 6)}
----------------------STIMULUS-----------------------
Blank
 args = {'duration_s': 2}
----------------------STIMULUS-----------------------
ScanRect
 args = {'grid': (7, 7), 'duration_s': 1, 'index': (5, 3)}
----------------------STIMULUS-----------------------
Blank
 args = {'duration_s': 2}
----------------------STIMULUS-----------------------
ScanRect
 args = {'grid': (7, 7), 'duration_s': 1, 'index': (5, 4)}
----------------------STIMULUS-----------------------
Blank
 args = {'duration_s': 2}
----------------------STIMULUS-----------------------
ScanRect
 args = {'grid': (7, 7), 'duration_s': 1, 'index': (0, 5)}
----------------------STIMULUS-----------------------
Blank
 args = {'duration_s': 2}
----------------------STIMULUS-----------------------
ScanRect
 args = {'grid': (7, 7), 'duration_s': 1, 'index': (5, 2)}
----------------------STIMULUS-----------------------
Blank
 args = {'duration_s': 2}
----------------------STIMULUS-----------------------
ScanRect
 args = {'grid': (7, 7), 'duration_s': 1, 'index': (3, 6)}
----------------------STIMULUS-----------------------
Blank
 args = {'duration_s': 2}
----------------------STIMULUS-----------------------
ScanRect
 args = {'grid': (7, 7), 'duration_s': 1, 'index': (0, 2)}
----------------------STIMULUS-----------------------
Blank
 args = {'duration_s': 2}
----------------------STIMULUS-----------------------
ScanRect
 args = {'grid': (7, 7), 'duration_s': 1, 'index': (4, 0)}
----------------------STIMULUS-----------------------
Blank
 args = {'duration_s': 2}
----------------------STIMULUS-----------------------
ScanRect
 args = {'grid': (7, 7), 'duration_s': 1, 'index': (2, 6)}
----------------------STIMULUS-----------------------
Blank
 args = {'duration_s': 2}
----------------------STIMULUS-----------------------
ScanRect
 args = {'grid': (7, 7), 'duration_s': 1, 'index': (3, 4)}
----------------------STIMULUS-----------------------
Blank
 args = {'duration_s': 2}
----------------------STIMULUS-----------------------
ScanRect
 args = {'grid': (7, 7), 'duration_s': 1, 'index': (0, 3)}
----------------------STIMULUS-----------------------
Blank
 args = {'duration_s': 2}
----------------------STIMULUS-----------------------
ScanRect
 args = {'grid': (7, 7), 'duration_s': 1, 'index': (6, 0)}
----------------------STIMULUS-----------------------
Blank
 args = {'duration_s': 2}
----------------------STIMULUS-----------------------
ScanRect
 args = {'grid': (7, 7), 'duration_s': 1, 'index': (2, 3)}
----------------------STIMULUS-----------------------
Blank
 args = {'duration_s': 2}
----------------------STIMULUS-----------------------
ScanRect
 args = {'grid': (7, 7), 'duration_s': 1, 'index': (5, 5)}
----------------------STIMULUS-----------------------
Blank
 args = {'duration_s': 2}
----------------------STIMULUS-----------------------
ScanRect
 args = {'grid': (7, 7), 'duration_s': 1, 'index': (6, 3)}
----------------------STIMULUS-----------------------
Blank
 args = {'duration_s': 2}
----------------------STIMULUS-----------------------
ScanRect
 args = {'grid': (7, 7), 'duration_s': 1, 'index': (5, 0)}
----------------------STIMULUS-----------------------
Blank
 args = {'duration_s': 2}
----------------------STIMULUS-----------------------
ScanRect
 args = {'grid': (7, 7), 'duration_s': 1, 'index': (0, 1)}
----------------------STIMULUS-----------------------
Blank
 args = {'duration_s': 2}
----------------------STIMULUS-----------------------
ScanRect
 args = {'grid': (7, 7), 'duration_s': 1, 'index': (3, 2)}
----------------------STIMULUS-----------------------
Blank
 args = {'duration_s': 2}
----------------------STIMULUS-----------------------
ScanRect
 args = {'grid': (7, 7), 'duration_s': 1, 'index': (5, 6)}
----------------------STIMULUS-----------------------
Blank
 args = {'duration_s': 2}
----------------------STIMULUS-----------------------
ScanRect
 args = {'grid': (7, 7), 'duration_s': 1, 'index': (1, 2)}
----------------------STIMULUS-----------------------
Blank
 args = {'duration_s': 2}
----------------------STIMULUS-----------------------
ScanRect
 args = {'grid': (7, 7), 'duration_s': 1, 'index': (1, 4)}
----------------------STIMULUS-----------------------
Blank
 args = {'duration_s': 2}
----------------------STIMULUS-----------------------
ScanRect
 args = {'grid': (7, 7), 'duration_s': 1, 'index': (0, 0)}
----------------------STIMULUS-----------------------
Blank
 args = {'duration_s': 2}
----------------------STIMULUS-----------------------
ScanRect
 args = {'grid': (7, 7), 'duration_s': 1, 'index': (6, 5)}
----------------------STIMULUS-----------------------
Blank
 args = {'duration_s': 2}
----------------------STIMULUS-----------------------
ScanRect
 args = {'grid': (7, 7), 'duration_s': 1, 'index': (4, 5)}
----------------------STIMULUS-----------------------
Blank
 args = {'duration_s': 2}
----------------------STIMULUS-----------------------
ScanRect
 args = {'grid': (7, 7), 'duration_s': 1, 'index': (6, 1)}
----------------------STIMULUS-----------------------
Blank
 args = {'duration_s': 2}
----------------------STIMULUS-----------------------
ScanRect
 args = {'grid': (7, 7), 'duration_s': 1, 'index': (4, 1)}
----------------------STIMULUS-----------------------
Blank
 args = {'duration_s': 2}
----------------------STIMULUS-----------------------
ScanRect
 args = {'grid': (7, 7), 'duration_s': 1, 'index': (2, 1)}
----------------------STIMULUS-----------------------
Blank
 args = {'duration_s': 2}
----------------------STIMULUS-----------------------
ScanRect
 args = {'grid': (7, 7), 'duration_s': 1, 'index': (1, 1)}
----------------------STIMULUS-----------------------
Blank
 args = {'duration_s': 2}
----------------------STIMULUS-----------------------
ScanRect
 args = {'grid': (7, 7), 'duration_s': 1, 'index': (1, 5)}
----------------------STIMULUS-----------------------
Blank
 args = {'duration_s': 2}
----------------------STIMULUS-----------------------
ScanRect
 args = {'grid': (7, 7), 'duration_s': 1, 'index': (4, 6)}
----------------------STIMULUS-----------------------
Blank
 args = {'duration_s': 2}
----------------------STIMULUS-----------------------
ScanRect
 args = {'grid': (7, 7), 'duration_s': 1, 'index': (4, 2)}
----------------------STIMULUS-----------------------
Blank
 args = {'duration_s': 2}
----------------------STIMULUS-----------------------
ScanRect
 args = {'grid': (7, 7), 'duration_s': 1, 'index': (3, 3)}
----------------------STIMULUS-----------------------
Blank
 args = {'duration_s': 2}
----------------------STIMULUS-----------------------
ScanRect
 args = {'grid': (7, 7), 'duration_s': 1, 'index': (3, 0)}
----------------------STIMULUS-----------------------
Blank
 args = {'duration_s': 2}
----------------------STIMULUS-----------------------
ScanRect
 args = {'grid': (7, 7), 'duration_s': 1, 'index': (0, 4)}
----------------------STIMULUS-----------------------
Blank
 args = {'duration_s': 2}
----------------------STIMULUS-----------------------
ScanRect
 args = {'grid': (7, 7), 'duration_s': 1, 'index': (1, 3)}
----------------------STIMULUS-----------------------
Blank
 args = {'duration_s': 2}
----------------------STIMULUS-----------------------
ScanRect
 args = {'grid': (7, 7), 'duration_s': 1, 'index': (4, 4)}
----------------------STIMULUS-----------------------
Blank
 args = {'duration_s': 2}
----------------------STIMULUS-----------------------
ScanRect
 args = {'grid': (7, 7), 'duration_s': 1, 'index': (2, 5)}
----------------------STIMULUS-----------------------
Blank
 args = {'duration_s': 2}
----------------------STIMULUS-----------------------
ScanRect
 args = {'grid': (7, 7), 'duration_s': 1, 'index': (6, 4)}
----------------------STIMULUS-----------------------
Blank
 args = {'duration_s': 2}
----------------------STIMULUS-----------------------
ScanRect
 args = {'grid': (7, 7), 'duration_s': 1, 'index': (5, 1)}
----------------------STIMULUS-----------------------
Blank
 args = {'duration_s': 2}
----------------------STIMULUS-----------------------
ScanRect
 args = {'grid': (7, 7), 'duration_s': 1, 'index': (1, 0)}
----------------------STIMULUS-----------------------
Blank
 args = {'duration_s': 2}
----------------------STIMULUS-----------------------
ScanRect
 args = {'grid': (7, 7), 'duration_s': 1, 'index': (3, 1)}
----------------------STIMULUS-----------------------
Blank
 args = {'duration_s': 2}
----------------------STIMULUS-----------------------
ScanRect
 args = {'grid': (7, 7), 'duration_s': 1, 'index': (4, 3)}
----------------------STIMULUS-----------------------
Blank
 args = {'duration_s': 2}
----------------------STIMULUS-----------------------
Blank
 args = {'duration_s': 1}
----------------------STIMULUS-----------------------
Blank
 args = {'duration_s': 2}
