#Sequence launch at 2016-07-07_07-56-48
----------------------EXPERIMENT-----------------------
SpotSequence
 args = {'frameRateDivisor': 1}
----------------------STIMULUS-----------------------
Blank
 args = {'duration_s': 0.1}
----------------------STIMULUS-----------------------
Blank
 args = {'duration_s': 0.1}
----------------------STIMULUS-----------------------
Spot
 args = {'duration_s': 2, 'radius': 400, 'background': 0.5, 'innerRadius': 300, 'color': 'white', 'position': (0, 0)}
----------------------STIMULUS-----------------------
Spot
 args = {'duration_s': 2, 'radius': 400, 'background': 0.5, 'innerRadius': 300, 'color': 'white', 'spatialFilter': BigDog{}, 'position': (0, 0)}
----------------------STIMULUS-----------------------
Spot
 args = {'position': (0, 0), 'radius': 64, 'duration_s': 2, 'spatialFilter': SmallDog{}, 'color': 'white'}
----------------------STIMULUS-----------------------
Spot
 args = {'radius': 128, 'color': 'white', 'duration_s': 1}
----------------------STIMULUS-----------------------
Spot
 args = {'radius': 128, 'color': 'white', 'spatialFilter': SmallDog{}, 'duration_s': 2}
----------------------STIMULUS-----------------------
Spot
 args = {'radius': 128, 'color': 'white', 'spatialFilter': BigDog{}, 'duration_s': 2}
----------------------STIMULUS-----------------------
Spot
 args = {'radius': 256, 'color': 'white', 'duration_s': 1}
----------------------STIMULUS-----------------------
Spot
 args = {'radius': 256, 'color': 'white', 'spatialFilter': SmallDog{}, 'duration_s': 2}
----------------------STIMULUS-----------------------
Spot
 args = {'radius': 256, 'color': 'white', 'spatialFilter': BigDog{}, 'duration_s': 2}
----------------------STIMULUS-----------------------
Spot
 args = {'radius': 512, 'color': 'white', 'duration_s': 1}
----------------------STIMULUS-----------------------
Spot
 args = {'radius': 512, 'color': 'white', 'spatialFilter': SmallDog{}, 'duration_s': 2}
----------------------STIMULUS-----------------------
Spot
 args = {'radius': 512, 'color': 'white', 'spatialFilter': BigDog{}, 'duration_s': 2}
----------------------STIMULUS-----------------------
Blank
 args = {'duration_s': 0.1}
----------------------STIMULUS-----------------------
Blank
 args = {'duration_s': 0.1}
