#Sequence launch at 2016-07-18_06-16-49
----------------------EXPERIMENT-----------------------
DefaultSequence
 args = {}
----------------------STIMULUS-----------------------
Blank
 args = {'duration_s': 2}
----------------------STIMULUS-----------------------
Blank
 args = {'duration_s': 2, 'color': 0.4}
----------------------STIMULUS-----------------------
Spot
 args = {'duration_s': 2, 'radius': 62.5, 'background': 0.4, 'color': 0.5}
----------------------STIMULUS-----------------------
Blank
 args = {'duration_s': 6.5, 'color': 0.4}
----------------------STIMULUS-----------------------
Spot
 args = {'duration_s': 2, 'radius': 125, 'background': 0.4, 'color': 0.5}
----------------------STIMULUS-----------------------
Blank
 args = {'duration_s': 6.5, 'color': 0.4}
----------------------STIMULUS-----------------------
Spot
 args = {'duration_s': 2, 'radius': 187.5, 'background': 0.4, 'color': 0.5}
----------------------STIMULUS-----------------------
Blank
 args = {'duration_s': 6.5, 'color': 0.4}
----------------------STIMULUS-----------------------
Spot
 args = {'duration_s': 2, 'radius': 250, 'background': 0.4, 'color': 0.5}
----------------------STIMULUS-----------------------
Blank
 args = {'duration_s': 6.5, 'color': 0.4}
----------------------STIMULUS-----------------------
Spot
 args = {'duration_s': 2, 'radius': 312.5, 'background': 0.4, 'color': 0.5}
----------------------STIMULUS-----------------------
Blank
 args = {'duration_s': 6.5, 'color': 0.4}
----------------------STIMULUS-----------------------
Spot
 args = {'duration_s': 2, 'radius': 5000, 'background': 0.4, 'color': 0.5}
----------------------STIMULUS-----------------------
Blank
 args = {'duration_s': 6.5, 'color': 0.4}
----------------------STIMULUS-----------------------
Spot
 args = {'duration_s': 2, 'radius': 62.5, 'background': 0.4, 'color': 0.5}
----------------------STIMULUS-----------------------
Blank
 args = {'duration_s': 6.5, 'color': 0.4}
----------------------STIMULUS-----------------------
Spot
 args = {'duration_s': 2, 'radius': 125, 'background': 0.4, 'color': 0.5}
----------------------STIMULUS-----------------------
Blank
 args = {'duration_s': 6.5, 'color': 0.4}
----------------------STIMULUS-----------------------
Spot
 args = {'duration_s': 2, 'radius': 187.5, 'background': 0.4, 'color': 0.5}
----------------------STIMULUS-----------------------
Blank
 args = {'duration_s': 6.5, 'color': 0.4}
----------------------STIMULUS-----------------------
Spot
 args = {'duration_s': 2, 'radius': 250, 'background': 0.4, 'color': 0.5}
----------------------STIMULUS-----------------------
Blank
 args = {'duration_s': 6.5, 'color': 0.4}
----------------------STIMULUS-----------------------
Spot
 args = {'duration_s': 2, 'radius': 312.5, 'background': 0.4, 'color': 0.5}
----------------------STIMULUS-----------------------
Blank
 args = {'duration_s': 6.5, 'color': 0.4}
----------------------STIMULUS-----------------------
Spot
 args = {'duration_s': 2, 'radius': 5000, 'background': 0.4, 'color': 0.5}
----------------------STIMULUS-----------------------
Blank
 args = {'duration_s': 6.5, 'color': 0.4}
----------------------STIMULUS-----------------------
Spot
 args = {'duration_s': 2, 'radius': 62.5, 'background': 0.4, 'color': 0.5}
----------------------STIMULUS-----------------------
Blank
 args = {'duration_s': 6.5, 'color': 0.4}
----------------------STIMULUS-----------------------
Spot
 args = {'duration_s': 2, 'radius': 125, 'background': 0.4, 'color': 0.5}
----------------------STIMULUS-----------------------
Blank
 args = {'duration_s': 6.5, 'color': 0.4}
----------------------STIMULUS-----------------------
Spot
 args = {'duration_s': 2, 'radius': 187.5, 'background': 0.4, 'color': 0.5}
----------------------STIMULUS-----------------------
Blank
 args = {'duration_s': 6.5, 'color': 0.4}
----------------------STIMULUS-----------------------
Spot
 args = {'duration_s': 2, 'radius': 250, 'background': 0.4, 'color': 0.5}
----------------------STIMULUS-----------------------
Blank
 args = {'duration_s': 6.5, 'color': 0.4}
----------------------STIMULUS-----------------------
Spot
 args = {'duration_s': 2, 'radius': 312.5, 'background': 0.4, 'color': 0.5}
----------------------STIMULUS-----------------------
Blank
 args = {'duration_s': 6.5, 'color': 0.4}
----------------------STIMULUS-----------------------
Spot
 args = {'duration_s': 2, 'radius': 5000, 'background': 0.4, 'color': 0.5}
----------------------STIMULUS-----------------------
Blank
 args = {'duration_s': 6.5, 'color': 0.4}
----------------------STIMULUS-----------------------
Blank
 args = {'duration_s': 2, 'color': 0.4}
