#Sequence launch at 2016-07-10_23-17-28
----------------------EXPERIMENT-----------------------
DefaultSequence
 args = {}
----------------------STIMULUS-----------------------
Blank
 args = {'duration_s': 2}
----------------------STIMULUS-----------------------
Blank
 args = {'duration_s': 2}
----------------------STIMULUS-----------------------
Spot
 args = {'background': 0.4, 'duration_s': 2, 'color': 0.5, 'radius': 62.5}
----------------------STIMULUS-----------------------
Blank
 args = {'duration_s': 6.5}
----------------------STIMULUS-----------------------
Spot
 args = {'background': 0.4, 'duration_s': 2, 'color': 0.5, 'radius': 125}
----------------------STIMULUS-----------------------
Blank
 args = {'duration_s': 6.5}
----------------------STIMULUS-----------------------
Spot
 args = {'background': 0.4, 'duration_s': 2, 'color': 0.5, 'radius': 187.5}
----------------------STIMULUS-----------------------
Blank
 args = {'duration_s': 6.5}
----------------------STIMULUS-----------------------
Spot
 args = {'background': 0.4, 'duration_s': 2, 'color': 0.5, 'radius': 250}
----------------------STIMULUS-----------------------
Blank
 args = {'duration_s': 6.5}
----------------------STIMULUS-----------------------
Spot
 args = {'background': 0.4, 'duration_s': 2, 'color': 0.5, 'radius': 312.5}
----------------------STIMULUS-----------------------
Blank
 args = {'duration_s': 6.5}
----------------------STIMULUS-----------------------
Spot
 args = {'background': 0.4, 'duration_s': 2, 'color': 0.5, 'radius': 5000}
----------------------STIMULUS-----------------------
Blank
 args = {'duration_s': 6.5}
----------------------STIMULUS-----------------------
Spot
 args = {'background': 0.4, 'duration_s': 2, 'color': 0.5, 'radius': 62.5}
----------------------STIMULUS-----------------------
Blank
 args = {'duration_s': 6.5}
----------------------STIMULUS-----------------------
Spot
 args = {'background': 0.4, 'duration_s': 2, 'color': 0.5, 'radius': 125}
----------------------STIMULUS-----------------------
Blank
 args = {'duration_s': 6.5}
----------------------STIMULUS-----------------------
Spot
 args = {'background': 0.4, 'duration_s': 2, 'color': 0.5, 'radius': 187.5}
----------------------STIMULUS-----------------------
Blank
 args = {'duration_s': 6.5}
----------------------STIMULUS-----------------------
Spot
 args = {'background': 0.4, 'duration_s': 2, 'color': 0.5, 'radius': 250}
----------------------STIMULUS-----------------------
Blank
 args = {'duration_s': 6.5}
----------------------STIMULUS-----------------------
Spot
 args = {'background': 0.4, 'duration_s': 2, 'color': 0.5, 'radius': 312.5}
----------------------STIMULUS-----------------------
Blank
 args = {'duration_s': 6.5}
----------------------STIMULUS-----------------------
Spot
 args = {'background': 0.4, 'duration_s': 2, 'color': 0.5, 'radius': 5000}
----------------------STIMULUS-----------------------
Blank
 args = {'duration_s': 6.5}
----------------------STIMULUS-----------------------
Spot
 args = {'background': 0.4, 'duration_s': 2, 'color': 0.5, 'radius': 62.5}
----------------------STIMULUS-----------------------
Blank
 args = {'duration_s': 6.5}
----------------------STIMULUS-----------------------
Spot
 args = {'background': 0.4, 'duration_s': 2, 'color': 0.5, 'radius': 125}
----------------------STIMULUS-----------------------
Blank
 args = {'duration_s': 6.5}
----------------------STIMULUS-----------------------
Spot
 args = {'background': 0.4, 'duration_s': 2, 'color': 0.5, 'radius': 187.5}
----------------------STIMULUS-----------------------
Blank
 args = {'duration_s': 6.5}
----------------------STIMULUS-----------------------
Spot
 args = {'background': 0.4, 'duration_s': 2, 'color': 0.5, 'radius': 250}
----------------------STIMULUS-----------------------
Blank
 args = {'duration_s': 6.5}
----------------------STIMULUS-----------------------
Spot
 args = {'background': 0.4, 'duration_s': 2, 'color': 0.5, 'radius': 312.5}
----------------------STIMULUS-----------------------
Blank
 args = {'duration_s': 6.5}
----------------------STIMULUS-----------------------
Spot
 args = {'background': 0.4, 'duration_s': 2, 'color': 0.5, 'radius': 5000}
----------------------STIMULUS-----------------------
Blank
 args = {'duration_s': 6.5}
----------------------STIMULUS-----------------------
Blank
 args = {'duration_s': 2}
