#Sequence launch at 2016-07-20_13-41-43
----------------------EXPERIMENT-----------------------
DefaultSequence
 args = {}
----------------------STIMULUS-----------------------
Blank
 args = {'duration_s': 2}
----------------------STIMULUS-----------------------
Blank
 args = {'color': 0.4, 'duration_s': 2}
----------------------STIMULUS-----------------------
Spot
 args = {'color': 0.5, 'background': 0.4, 'radius': 62.5, 'duration_s': 2}
----------------------STIMULUS-----------------------
Blank
 args = {'color': 0.4, 'duration_s': 6.5}
----------------------STIMULUS-----------------------
Spot
 args = {'color': 0.5, 'background': 0.4, 'radius': 125, 'duration_s': 2}
----------------------STIMULUS-----------------------
Blank
 args = {'color': 0.4, 'duration_s': 6.5}
----------------------STIMULUS-----------------------
Spot
 args = {'color': 0.5, 'background': 0.4, 'radius': 187.5, 'duration_s': 2}
----------------------STIMULUS-----------------------
Blank
 args = {'color': 0.4, 'duration_s': 6.5}
----------------------STIMULUS-----------------------
Spot
 args = {'color': 0.5, 'background': 0.4, 'radius': 250, 'duration_s': 2}
----------------------STIMULUS-----------------------
Blank
 args = {'color': 0.4, 'duration_s': 6.5}
----------------------STIMULUS-----------------------
Spot
 args = {'color': 0.5, 'background': 0.4, 'radius': 312.5, 'duration_s': 2}
----------------------STIMULUS-----------------------
Blank
 args = {'color': 0.4, 'duration_s': 6.5}
----------------------STIMULUS-----------------------
Spot
 args = {'color': 0.5, 'background': 0.4, 'radius': 5000, 'duration_s': 2}
----------------------STIMULUS-----------------------
Blank
 args = {'color': 0.4, 'duration_s': 6.5}
----------------------STIMULUS-----------------------
Spot
 args = {'color': 0.5, 'background': 0.4, 'radius': 62.5, 'duration_s': 2}
----------------------STIMULUS-----------------------
Blank
 args = {'color': 0.4, 'duration_s': 6.5}
----------------------STIMULUS-----------------------
Spot
 args = {'color': 0.5, 'background': 0.4, 'radius': 125, 'duration_s': 2}
----------------------STIMULUS-----------------------
Blank
 args = {'color': 0.4, 'duration_s': 6.5}
----------------------STIMULUS-----------------------
Spot
 args = {'color': 0.5, 'background': 0.4, 'radius': 187.5, 'duration_s': 2}
----------------------STIMULUS-----------------------
Blank
 args = {'color': 0.4, 'duration_s': 6.5}
----------------------STIMULUS-----------------------
Spot
 args = {'color': 0.5, 'background': 0.4, 'radius': 250, 'duration_s': 2}
----------------------STIMULUS-----------------------
Blank
 args = {'color': 0.4, 'duration_s': 6.5}
----------------------STIMULUS-----------------------
Spot
 args = {'color': 0.5, 'background': 0.4, 'radius': 312.5, 'duration_s': 2}
----------------------STIMULUS-----------------------
Blank
 args = {'color': 0.4, 'duration_s': 6.5}
----------------------STIMULUS-----------------------
Spot
 args = {'color': 0.5, 'background': 0.4, 'radius': 5000, 'duration_s': 2}
----------------------STIMULUS-----------------------
Blank
 args = {'color': 0.4, 'duration_s': 6.5}
----------------------STIMULUS-----------------------
Spot
 args = {'color': 0.5, 'background': 0.4, 'radius': 62.5, 'duration_s': 2}
----------------------STIMULUS-----------------------
Blank
 args = {'color': 0.4, 'duration_s': 6.5}
----------------------STIMULUS-----------------------
Spot
 args = {'color': 0.5, 'background': 0.4, 'radius': 125, 'duration_s': 2}
----------------------STIMULUS-----------------------
Blank
 args = {'color': 0.4, 'duration_s': 6.5}
----------------------STIMULUS-----------------------
Spot
 args = {'color': 0.5, 'background': 0.4, 'radius': 187.5, 'duration_s': 2}
----------------------STIMULUS-----------------------
Blank
 args = {'color': 0.4, 'duration_s': 6.5}
----------------------STIMULUS-----------------------
Spot
 args = {'color': 0.5, 'background': 0.4, 'radius': 250, 'duration_s': 2}
----------------------STIMULUS-----------------------
Blank
 args = {'color': 0.4, 'duration_s': 6.5}
----------------------STIMULUS-----------------------
Spot
 args = {'color': 0.5, 'background': 0.4, 'radius': 312.5, 'duration_s': 2}
----------------------STIMULUS-----------------------
Blank
 args = {'color': 0.4, 'duration_s': 6.5}
----------------------STIMULUS-----------------------
Spot
 args = {'color': 0.5, 'background': 0.4, 'radius': 5000, 'duration_s': 2}
----------------------STIMULUS-----------------------
Blank
 args = {'color': 0.4, 'duration_s': 6.5}
----------------------STIMULUS-----------------------
Blank
 args = {'color': 0.4, 'duration_s': 2}
