#Sequence launch at 2016-07-11_00-54-55
----------------------EXPERIMENT-----------------------
DefaultSequence
 args = {}
----------------------STIMULUS-----------------------
Blank
 args = {'duration_s': 2}
----------------------STIMULUS-----------------------
Blank
 args = {'duration_s': 2}
----------------------STIMULUS-----------------------
Spot
 args = {'spatialFilter': DogFftFreqSpec{'sigma1': 15, 'weight1': 220, 'sigma2': 30, 'weight2': -220, 'offset': 1}, 'duration_s': 2, 'background': 0.75, 'radius': 62.5, 'color': 0.25}
----------------------STIMULUS-----------------------
Blank
 args = {'duration_s': 6.5}
----------------------STIMULUS-----------------------
Spot
 args = {'spatialFilter': DogFftFreqSpec{'sigma1': 15, 'weight1': 220, 'sigma2': 30, 'weight2': -220, 'offset': 1}, 'duration_s': 2, 'background': 0.75, 'radius': 125, 'color': 0.25}
----------------------STIMULUS-----------------------
Blank
 args = {'duration_s': 6.5}
----------------------STIMULUS-----------------------
Spot
 args = {'spatialFilter': DogFftFreqSpec{'sigma1': 15, 'weight1': 220, 'sigma2': 30, 'weight2': -220, 'offset': 1}, 'duration_s': 2, 'background': 0.75, 'radius': 187.5, 'color': 0.25}
----------------------STIMULUS-----------------------
Blank
 args = {'duration_s': 6.5}
----------------------STIMULUS-----------------------
Spot
 args = {'spatialFilter': DogFftFreqSpec{'sigma1': 15, 'weight1': 220, 'sigma2': 30, 'weight2': -220, 'offset': 1}, 'duration_s': 2, 'background': 0.75, 'radius': 250, 'color': 0.25}
----------------------STIMULUS-----------------------
Blank
 args = {'duration_s': 6.5}
----------------------STIMULUS-----------------------
Spot
 args = {'spatialFilter': DogFftFreqSpec{'sigma1': 15, 'weight1': 220, 'sigma2': 30, 'weight2': -220, 'offset': 1}, 'duration_s': 2, 'background': 0.75, 'radius': 312.5, 'color': 0.25}
----------------------STIMULUS-----------------------
Blank
 args = {'duration_s': 6.5}
----------------------STIMULUS-----------------------
Spot
 args = {'spatialFilter': DogFftFreqSpec{'sigma1': 15, 'weight1': 220, 'sigma2': 30, 'weight2': -220, 'offset': 1}, 'duration_s': 2, 'background': 0.75, 'radius': 5000, 'color': 0.25}
----------------------STIMULUS-----------------------
Blank
 args = {'duration_s': 6.5}
----------------------STIMULUS-----------------------
Spot
 args = {'spatialFilter': DogFftFreqSpec{'sigma1': 15, 'weight1': 220, 'sigma2': 30, 'weight2': -220, 'offset': 1}, 'duration_s': 2, 'background': 0.75, 'radius': 62.5, 'color': 0.25}
----------------------STIMULUS-----------------------
Blank
 args = {'duration_s': 6.5}
----------------------STIMULUS-----------------------
Spot
 args = {'spatialFilter': DogFftFreqSpec{'sigma1': 15, 'weight1': 220, 'sigma2': 30, 'weight2': -220, 'offset': 1}, 'duration_s': 2, 'background': 0.75, 'radius': 125, 'color': 0.25}
----------------------STIMULUS-----------------------
Blank
 args = {'duration_s': 6.5}
----------------------STIMULUS-----------------------
Spot
 args = {'spatialFilter': DogFftFreqSpec{'sigma1': 15, 'weight1': 220, 'sigma2': 30, 'weight2': -220, 'offset': 1}, 'duration_s': 2, 'background': 0.75, 'radius': 187.5, 'color': 0.25}
----------------------STIMULUS-----------------------
Blank
 args = {'duration_s': 6.5}
----------------------STIMULUS-----------------------
Spot
 args = {'spatialFilter': DogFftFreqSpec{'sigma1': 15, 'weight1': 220, 'sigma2': 30, 'weight2': -220, 'offset': 1}, 'duration_s': 2, 'background': 0.75, 'radius': 250, 'color': 0.25}
----------------------STIMULUS-----------------------
Blank
 args = {'duration_s': 6.5}
----------------------STIMULUS-----------------------
Spot
 args = {'spatialFilter': DogFftFreqSpec{'sigma1': 15, 'weight1': 220, 'sigma2': 30, 'weight2': -220, 'offset': 1}, 'duration_s': 2, 'background': 0.75, 'radius': 312.5, 'color': 0.25}
----------------------STIMULUS-----------------------
Blank
 args = {'duration_s': 6.5}
----------------------STIMULUS-----------------------
Spot
 args = {'spatialFilter': DogFftFreqSpec{'sigma1': 15, 'weight1': 220, 'sigma2': 30, 'weight2': -220, 'offset': 1}, 'duration_s': 2, 'background': 0.75, 'radius': 5000, 'color': 0.25}
----------------------STIMULUS-----------------------
Blank
 args = {'duration_s': 6.5}
----------------------STIMULUS-----------------------
Spot
 args = {'spatialFilter': DogFftFreqSpec{'sigma1': 15, 'weight1': 220, 'sigma2': 30, 'weight2': -220, 'offset': 1}, 'duration_s': 2, 'background': 0.75, 'radius': 62.5, 'color': 0.25}
----------------------STIMULUS-----------------------
Blank
 args = {'duration_s': 6.5}
----------------------STIMULUS-----------------------
Spot
 args = {'spatialFilter': DogFftFreqSpec{'sigma1': 15, 'weight1': 220, 'sigma2': 30, 'weight2': -220, 'offset': 1}, 'duration_s': 2, 'background': 0.75, 'radius': 125, 'color': 0.25}
----------------------STIMULUS-----------------------
Blank
 args = {'duration_s': 6.5}
----------------------STIMULUS-----------------------
Spot
 args = {'spatialFilter': DogFftFreqSpec{'sigma1': 15, 'weight1': 220, 'sigma2': 30, 'weight2': -220, 'offset': 1}, 'duration_s': 2, 'background': 0.75, 'radius': 187.5, 'color': 0.25}
----------------------STIMULUS-----------------------
Blank
 args = {'duration_s': 6.5}
----------------------STIMULUS-----------------------
Spot
 args = {'spatialFilter': DogFftFreqSpec{'sigma1': 15, 'weight1': 220, 'sigma2': 30, 'weight2': -220, 'offset': 1}, 'duration_s': 2, 'background': 0.75, 'radius': 250, 'color': 0.25}
----------------------STIMULUS-----------------------
Blank
 args = {'duration_s': 6.5}
----------------------STIMULUS-----------------------
Spot
 args = {'spatialFilter': DogFftFreqSpec{'sigma1': 15, 'weight1': 220, 'sigma2': 30, 'weight2': -220, 'offset': 1}, 'duration_s': 2, 'background': 0.75, 'radius': 312.5, 'color': 0.25}
----------------------STIMULUS-----------------------
Blank
 args = {'duration_s': 6.5}
----------------------STIMULUS-----------------------
Spot
 args = {'spatialFilter': DogFftFreqSpec{'sigma1': 15, 'weight1': 220, 'sigma2': 30, 'weight2': -220, 'offset': 1}, 'duration_s': 2, 'background': 0.75, 'radius': 5000, 'color': 0.25}
----------------------STIMULUS-----------------------
Blank
 args = {'duration_s': 6.5}
----------------------STIMULUS-----------------------
Blank
 args = {'duration_s': 2}
