#Sequence launch at 2016-07-07_13-01-22
----------------------EXPERIMENT-----------------------
DefaultSequence
 args = {}
----------------------STIMULUS-----------------------
Blank
 args = {'duration_s': 2}
----------------------STIMULUS-----------------------
Blank
 args = {'duration_s': 2}
----------------------STIMULUS-----------------------
Spot
 args = {'radius': 62.5, 'color': 0.25, 'spatialFilter': BigDog{}, 'duration_s': 2, 'background': 0.75}
----------------------STIMULUS-----------------------
Blank
 args = {'duration_s': 6.5}
----------------------STIMULUS-----------------------
Spot
 args = {'radius': 125, 'color': 0.25, 'spatialFilter': BigDog{}, 'duration_s': 2, 'background': 0.75}
----------------------STIMULUS-----------------------
Blank
 args = {'duration_s': 6.5}
----------------------STIMULUS-----------------------
Spot
 args = {'radius': 187.5, 'color': 0.25, 'spatialFilter': BigDog{}, 'duration_s': 2, 'background': 0.75}
----------------------STIMULUS-----------------------
Blank
 args = {'duration_s': 6.5}
----------------------STIMULUS-----------------------
Spot
 args = {'radius': 250, 'color': 0.25, 'spatialFilter': BigDog{}, 'duration_s': 2, 'background': 0.75}
----------------------STIMULUS-----------------------
Blank
 args = {'duration_s': 6.5}
----------------------STIMULUS-----------------------
Spot
 args = {'radius': 312.5, 'color': 0.25, 'spatialFilter': BigDog{}, 'duration_s': 2, 'background': 0.75}
----------------------STIMULUS-----------------------
Blank
 args = {'duration_s': 6.5}
----------------------STIMULUS-----------------------
Spot
 args = {'radius': 5000, 'color': 0.25, 'spatialFilter': BigDog{}, 'duration_s': 2, 'background': 0.75}
----------------------STIMULUS-----------------------
Blank
 args = {'duration_s': 6.5}
----------------------STIMULUS-----------------------
Spot
 args = {'radius': 62.5, 'color': 0.25, 'spatialFilter': BigDog{}, 'duration_s': 2, 'background': 0.75}
----------------------STIMULUS-----------------------
Blank
 args = {'duration_s': 6.5}
----------------------STIMULUS-----------------------
Spot
 args = {'radius': 125, 'color': 0.25, 'spatialFilter': BigDog{}, 'duration_s': 2, 'background': 0.75}
----------------------STIMULUS-----------------------
Blank
 args = {'duration_s': 6.5}
----------------------STIMULUS-----------------------
Spot
 args = {'radius': 187.5, 'color': 0.25, 'spatialFilter': BigDog{}, 'duration_s': 2, 'background': 0.75}
----------------------STIMULUS-----------------------
Blank
 args = {'duration_s': 6.5}
----------------------STIMULUS-----------------------
Spot
 args = {'radius': 250, 'color': 0.25, 'spatialFilter': BigDog{}, 'duration_s': 2, 'background': 0.75}
----------------------STIMULUS-----------------------
Blank
 args = {'duration_s': 6.5}
----------------------STIMULUS-----------------------
Spot
 args = {'radius': 312.5, 'color': 0.25, 'spatialFilter': BigDog{}, 'duration_s': 2, 'background': 0.75}
----------------------STIMULUS-----------------------
Blank
 args = {'duration_s': 6.5}
----------------------STIMULUS-----------------------
Spot
 args = {'radius': 5000, 'color': 0.25, 'spatialFilter': BigDog{}, 'duration_s': 2, 'background': 0.75}
----------------------STIMULUS-----------------------
Blank
 args = {'duration_s': 6.5}
----------------------STIMULUS-----------------------
Spot
 args = {'radius': 62.5, 'color': 0.25, 'spatialFilter': BigDog{}, 'duration_s': 2, 'background': 0.75}
----------------------STIMULUS-----------------------
Blank
 args = {'duration_s': 6.5}
----------------------STIMULUS-----------------------
Spot
 args = {'radius': 125, 'color': 0.25, 'spatialFilter': BigDog{}, 'duration_s': 2, 'background': 0.75}
----------------------STIMULUS-----------------------
Blank
 args = {'duration_s': 6.5}
----------------------STIMULUS-----------------------
Spot
 args = {'radius': 187.5, 'color': 0.25, 'spatialFilter': BigDog{}, 'duration_s': 2, 'background': 0.75}
----------------------STIMULUS-----------------------
Blank
 args = {'duration_s': 6.5}
----------------------STIMULUS-----------------------
Spot
 args = {'radius': 250, 'color': 0.25, 'spatialFilter': BigDog{}, 'duration_s': 2, 'background': 0.75}
----------------------STIMULUS-----------------------
Blank
 args = {'duration_s': 6.5}
----------------------STIMULUS-----------------------
Spot
 args = {'radius': 312.5, 'color': 0.25, 'spatialFilter': BigDog{}, 'duration_s': 2, 'background': 0.75}
----------------------STIMULUS-----------------------
Blank
 args = {'duration_s': 6.5}
----------------------STIMULUS-----------------------
Spot
 args = {'radius': 5000, 'color': 0.25, 'spatialFilter': BigDog{}, 'duration_s': 2, 'background': 0.75}
----------------------STIMULUS-----------------------
Blank
 args = {'duration_s': 6.5}
----------------------STIMULUS-----------------------
Blank
 args = {'duration_s': 2}
