#Sequence launch at 2016-07-11_00-56-27
----------------------EXPERIMENT-----------------------
DefaultSequence
 args = {}
----------------------STIMULUS-----------------------
Blank
 args = {'duration_s': 2}
----------------------STIMULUS-----------------------
Blank
 args = {'duration_s': 2}
----------------------STIMULUS-----------------------
Spot
 args = {'duration_s': 2, 'spatialFilter': DogFftFreqSpec{'sigma2': 30, 'offset': 1, 'weight1': 220, 'sigma1': 15, 'weight2': -220}, 'color': 0.5, 'radius': 62.5, 'background': 0.4}
----------------------STIMULUS-----------------------
Blank
 args = {'color': 0.4, 'duration_s': 6.5}
----------------------STIMULUS-----------------------
Spot
 args = {'duration_s': 2, 'spatialFilter': DogFftFreqSpec{'sigma2': 30, 'offset': 1, 'weight1': 220, 'sigma1': 15, 'weight2': -220}, 'color': 0.5, 'radius': 125, 'background': 0.4}
----------------------STIMULUS-----------------------
Blank
 args = {'color': 0.4, 'duration_s': 6.5}
----------------------STIMULUS-----------------------
Spot
 args = {'duration_s': 2, 'spatialFilter': DogFftFreqSpec{'sigma2': 30, 'offset': 1, 'weight1': 220, 'sigma1': 15, 'weight2': -220}, 'color': 0.5, 'radius': 187.5, 'background': 0.4}
----------------------STIMULUS-----------------------
Blank
 args = {'color': 0.4, 'duration_s': 6.5}
----------------------STIMULUS-----------------------
Spot
 args = {'duration_s': 2, 'spatialFilter': DogFftFreqSpec{'sigma2': 30, 'offset': 1, 'weight1': 220, 'sigma1': 15, 'weight2': -220}, 'color': 0.5, 'radius': 250, 'background': 0.4}
----------------------STIMULUS-----------------------
Blank
 args = {'color': 0.4, 'duration_s': 6.5}
----------------------STIMULUS-----------------------
Spot
 args = {'duration_s': 2, 'spatialFilter': DogFftFreqSpec{'sigma2': 30, 'offset': 1, 'weight1': 220, 'sigma1': 15, 'weight2': -220}, 'color': 0.5, 'radius': 312.5, 'background': 0.4}
----------------------STIMULUS-----------------------
Blank
 args = {'color': 0.4, 'duration_s': 6.5}
----------------------STIMULUS-----------------------
Spot
 args = {'duration_s': 2, 'spatialFilter': DogFftFreqSpec{'sigma2': 30, 'offset': 1, 'weight1': 220, 'sigma1': 15, 'weight2': -220}, 'color': 0.5, 'radius': 5000, 'background': 0.4}
----------------------STIMULUS-----------------------
Blank
 args = {'color': 0.4, 'duration_s': 6.5}
----------------------STIMULUS-----------------------
Spot
 args = {'duration_s': 2, 'spatialFilter': DogFftFreqSpec{'sigma2': 30, 'offset': 1, 'weight1': 220, 'sigma1': 15, 'weight2': -220}, 'color': 0.5, 'radius': 62.5, 'background': 0.4}
----------------------STIMULUS-----------------------
Blank
 args = {'color': 0.4, 'duration_s': 6.5}
----------------------STIMULUS-----------------------
Spot
 args = {'duration_s': 2, 'spatialFilter': DogFftFreqSpec{'sigma2': 30, 'offset': 1, 'weight1': 220, 'sigma1': 15, 'weight2': -220}, 'color': 0.5, 'radius': 125, 'background': 0.4}
----------------------STIMULUS-----------------------
Blank
 args = {'color': 0.4, 'duration_s': 6.5}
----------------------STIMULUS-----------------------
Spot
 args = {'duration_s': 2, 'spatialFilter': DogFftFreqSpec{'sigma2': 30, 'offset': 1, 'weight1': 220, 'sigma1': 15, 'weight2': -220}, 'color': 0.5, 'radius': 187.5, 'background': 0.4}
----------------------STIMULUS-----------------------
Blank
 args = {'color': 0.4, 'duration_s': 6.5}
----------------------STIMULUS-----------------------
Spot
 args = {'duration_s': 2, 'spatialFilter': DogFftFreqSpec{'sigma2': 30, 'offset': 1, 'weight1': 220, 'sigma1': 15, 'weight2': -220}, 'color': 0.5, 'radius': 250, 'background': 0.4}
----------------------STIMULUS-----------------------
Blank
 args = {'color': 0.4, 'duration_s': 6.5}
----------------------STIMULUS-----------------------
Spot
 args = {'duration_s': 2, 'spatialFilter': DogFftFreqSpec{'sigma2': 30, 'offset': 1, 'weight1': 220, 'sigma1': 15, 'weight2': -220}, 'color': 0.5, 'radius': 312.5, 'background': 0.4}
----------------------STIMULUS-----------------------
Blank
 args = {'color': 0.4, 'duration_s': 6.5}
----------------------STIMULUS-----------------------
Spot
 args = {'duration_s': 2, 'spatialFilter': DogFftFreqSpec{'sigma2': 30, 'offset': 1, 'weight1': 220, 'sigma1': 15, 'weight2': -220}, 'color': 0.5, 'radius': 5000, 'background': 0.4}
----------------------STIMULUS-----------------------
Blank
 args = {'color': 0.4, 'duration_s': 6.5}
----------------------STIMULUS-----------------------
Spot
 args = {'duration_s': 2, 'spatialFilter': DogFftFreqSpec{'sigma2': 30, 'offset': 1, 'weight1': 220, 'sigma1': 15, 'weight2': -220}, 'color': 0.5, 'radius': 62.5, 'background': 0.4}
----------------------STIMULUS-----------------------
Blank
 args = {'color': 0.4, 'duration_s': 6.5}
----------------------STIMULUS-----------------------
Spot
 args = {'duration_s': 2, 'spatialFilter': DogFftFreqSpec{'sigma2': 30, 'offset': 1, 'weight1': 220, 'sigma1': 15, 'weight2': -220}, 'color': 0.5, 'radius': 125, 'background': 0.4}
----------------------STIMULUS-----------------------
Blank
 args = {'color': 0.4, 'duration_s': 6.5}
----------------------STIMULUS-----------------------
Spot
 args = {'duration_s': 2, 'spatialFilter': DogFftFreqSpec{'sigma2': 30, 'offset': 1, 'weight1': 220, 'sigma1': 15, 'weight2': -220}, 'color': 0.5, 'radius': 187.5, 'background': 0.4}
----------------------STIMULUS-----------------------
Blank
 args = {'color': 0.4, 'duration_s': 6.5}
----------------------STIMULUS-----------------------
Spot
 args = {'duration_s': 2, 'spatialFilter': DogFftFreqSpec{'sigma2': 30, 'offset': 1, 'weight1': 220, 'sigma1': 15, 'weight2': -220}, 'color': 0.5, 'radius': 250, 'background': 0.4}
----------------------STIMULUS-----------------------
Blank
 args = {'color': 0.4, 'duration_s': 6.5}
----------------------STIMULUS-----------------------
Spot
 args = {'duration_s': 2, 'spatialFilter': DogFftFreqSpec{'sigma2': 30, 'offset': 1, 'weight1': 220, 'sigma1': 15, 'weight2': -220}, 'color': 0.5, 'radius': 312.5, 'background': 0.4}
----------------------STIMULUS-----------------------
Blank
 args = {'color': 0.4, 'duration_s': 6.5}
----------------------STIMULUS-----------------------
Spot
 args = {'duration_s': 2, 'spatialFilter': DogFftFreqSpec{'sigma2': 30, 'offset': 1, 'weight1': 220, 'sigma1': 15, 'weight2': -220}, 'color': 0.5, 'radius': 5000, 'background': 0.4}
----------------------STIMULUS-----------------------
Blank
 args = {'color': 0.4, 'duration_s': 6.5}
----------------------STIMULUS-----------------------
Blank
 args = {'color': 0.4, 'duration_s': 2}
