#Sequence launch at 2016-07-07_13-17-23
----------------------EXPERIMENT-----------------------
DefaultSequence
 args = {}
----------------------STIMULUS-----------------------
Blank
 args = {'duration_s': 2}
----------------------STIMULUS-----------------------
Blank
 args = {'duration_s': 2}
----------------------STIMULUS-----------------------
Spot
 args = {'radius': 62.5, 'spatialFilter': IdealLowpass{}, 'duration_s': 2, 'color': 0.25, 'background': 0.75}
----------------------STIMULUS-----------------------
Blank
 args = {'duration_s': 6.5}
----------------------STIMULUS-----------------------
Spot
 args = {'radius': 125, 'spatialFilter': IdealLowpass{}, 'duration_s': 2, 'color': 0.25, 'background': 0.75}
----------------------STIMULUS-----------------------
Blank
 args = {'duration_s': 6.5}
----------------------STIMULUS-----------------------
Spot
 args = {'radius': 187.5, 'spatialFilter': IdealLowpass{}, 'duration_s': 2, 'color': 0.25, 'background': 0.75}
----------------------STIMULUS-----------------------
Blank
 args = {'duration_s': 6.5}
----------------------STIMULUS-----------------------
Spot
 args = {'radius': 250, 'spatialFilter': IdealLowpass{}, 'duration_s': 2, 'color': 0.25, 'background': 0.75}
----------------------STIMULUS-----------------------
Blank
 args = {'duration_s': 6.5}
----------------------STIMULUS-----------------------
Spot
 args = {'radius': 312.5, 'spatialFilter': IdealLowpass{}, 'duration_s': 2, 'color': 0.25, 'background': 0.75}
----------------------STIMULUS-----------------------
Blank
 args = {'duration_s': 6.5}
----------------------STIMULUS-----------------------
Spot
 args = {'radius': 5000, 'spatialFilter': IdealLowpass{}, 'duration_s': 2, 'color': 0.25, 'background': 0.75}
----------------------STIMULUS-----------------------
Blank
 args = {'duration_s': 6.5}
----------------------STIMULUS-----------------------
Spot
 args = {'radius': 62.5, 'spatialFilter': IdealLowpass{}, 'duration_s': 2, 'color': 0.25, 'background': 0.75}
----------------------STIMULUS-----------------------
Blank
 args = {'duration_s': 6.5}
----------------------STIMULUS-----------------------
Spot
 args = {'radius': 125, 'spatialFilter': IdealLowpass{}, 'duration_s': 2, 'color': 0.25, 'background': 0.75}
----------------------STIMULUS-----------------------
Blank
 args = {'duration_s': 6.5}
----------------------STIMULUS-----------------------
Spot
 args = {'radius': 187.5, 'spatialFilter': IdealLowpass{}, 'duration_s': 2, 'color': 0.25, 'background': 0.75}
----------------------STIMULUS-----------------------
Blank
 args = {'duration_s': 6.5}
----------------------STIMULUS-----------------------
Spot
 args = {'radius': 250, 'spatialFilter': IdealLowpass{}, 'duration_s': 2, 'color': 0.25, 'background': 0.75}
----------------------STIMULUS-----------------------
Blank
 args = {'duration_s': 6.5}
----------------------STIMULUS-----------------------
Spot
 args = {'radius': 312.5, 'spatialFilter': IdealLowpass{}, 'duration_s': 2, 'color': 0.25, 'background': 0.75}
----------------------STIMULUS-----------------------
Blank
 args = {'duration_s': 6.5}
----------------------STIMULUS-----------------------
Spot
 args = {'radius': 5000, 'spatialFilter': IdealLowpass{}, 'duration_s': 2, 'color': 0.25, 'background': 0.75}
----------------------STIMULUS-----------------------
Blank
 args = {'duration_s': 6.5}
----------------------STIMULUS-----------------------
Spot
 args = {'radius': 62.5, 'spatialFilter': IdealLowpass{}, 'duration_s': 2, 'color': 0.25, 'background': 0.75}
----------------------STIMULUS-----------------------
Blank
 args = {'duration_s': 6.5}
----------------------STIMULUS-----------------------
Spot
 args = {'radius': 125, 'spatialFilter': IdealLowpass{}, 'duration_s': 2, 'color': 0.25, 'background': 0.75}
----------------------STIMULUS-----------------------
Blank
 args = {'duration_s': 6.5}
----------------------STIMULUS-----------------------
Spot
 args = {'radius': 187.5, 'spatialFilter': IdealLowpass{}, 'duration_s': 2, 'color': 0.25, 'background': 0.75}
----------------------STIMULUS-----------------------
Blank
 args = {'duration_s': 6.5}
----------------------STIMULUS-----------------------
Spot
 args = {'radius': 250, 'spatialFilter': IdealLowpass{}, 'duration_s': 2, 'color': 0.25, 'background': 0.75}
----------------------STIMULUS-----------------------
Blank
 args = {'duration_s': 6.5}
----------------------STIMULUS-----------------------
Spot
 args = {'radius': 312.5, 'spatialFilter': IdealLowpass{}, 'duration_s': 2, 'color': 0.25, 'background': 0.75}
----------------------STIMULUS-----------------------
Blank
 args = {'duration_s': 6.5}
----------------------STIMULUS-----------------------
Spot
 args = {'radius': 5000, 'spatialFilter': IdealLowpass{}, 'duration_s': 2, 'color': 0.25, 'background': 0.75}
----------------------STIMULUS-----------------------
Blank
 args = {'duration_s': 6.5}
----------------------STIMULUS-----------------------
Blank
 args = {'duration_s': 2}
