#Sequence launch at 2016-07-17_21-14-42
----------------------EXPERIMENT-----------------------
DefaultSequence
 args = {}
----------------------STIMULUS-----------------------
Blank
 args = {'duration_s': 2}
----------------------STIMULUS-----------------------
Blank
 args = {'duration_s': 2}
----------------------STIMULUS-----------------------
Spot
 args = {'color': 0.5, 'spatialFilter': DogFftFreqSpec{'offset': 1, 'weight1': 220, 'weight2': -220, 'sigma1': 10, 'sigma2': 20}, 'radius': 62.5, 'duration_s': 2, 'background': 0.4}
----------------------STIMULUS-----------------------
Blank
 args = {'color': 0.4, 'duration_s': 6.5}
----------------------STIMULUS-----------------------
Spot
 args = {'color': 0.5, 'spatialFilter': DogFftFreqSpec{'offset': 1, 'weight1': 220, 'weight2': -220, 'sigma1': 10, 'sigma2': 20}, 'radius': 125, 'duration_s': 2, 'background': 0.4}
----------------------STIMULUS-----------------------
Blank
 args = {'color': 0.4, 'duration_s': 6.5}
----------------------STIMULUS-----------------------
Spot
 args = {'color': 0.5, 'spatialFilter': DogFftFreqSpec{'offset': 1, 'weight1': 220, 'weight2': -220, 'sigma1': 10, 'sigma2': 20}, 'radius': 187.5, 'duration_s': 2, 'background': 0.4}
----------------------STIMULUS-----------------------
Blank
 args = {'color': 0.4, 'duration_s': 6.5}
----------------------STIMULUS-----------------------
Spot
 args = {'color': 0.5, 'spatialFilter': DogFftFreqSpec{'offset': 1, 'weight1': 220, 'weight2': -220, 'sigma1': 10, 'sigma2': 20}, 'radius': 250, 'duration_s': 2, 'background': 0.4}
----------------------STIMULUS-----------------------
Blank
 args = {'color': 0.4, 'duration_s': 6.5}
----------------------STIMULUS-----------------------
Spot
 args = {'color': 0.5, 'spatialFilter': DogFftFreqSpec{'offset': 1, 'weight1': 220, 'weight2': -220, 'sigma1': 10, 'sigma2': 20}, 'radius': 312.5, 'duration_s': 2, 'background': 0.4}
----------------------STIMULUS-----------------------
Blank
 args = {'color': 0.4, 'duration_s': 6.5}
----------------------STIMULUS-----------------------
Spot
 args = {'color': 0.5, 'spatialFilter': DogFftFreqSpec{'offset': 1, 'weight1': 220, 'weight2': -220, 'sigma1': 10, 'sigma2': 20}, 'radius': 5000, 'duration_s': 2, 'background': 0.4}
----------------------STIMULUS-----------------------
Blank
 args = {'color': 0.4, 'duration_s': 6.5}
----------------------STIMULUS-----------------------
Spot
 args = {'color': 0.5, 'spatialFilter': DogFftFreqSpec{'offset': 1, 'weight1': 220, 'weight2': -220, 'sigma1': 10, 'sigma2': 20}, 'radius': 62.5, 'duration_s': 2, 'background': 0.4}
----------------------STIMULUS-----------------------
Blank
 args = {'color': 0.4, 'duration_s': 6.5}
----------------------STIMULUS-----------------------
Spot
 args = {'color': 0.5, 'spatialFilter': DogFftFreqSpec{'offset': 1, 'weight1': 220, 'weight2': -220, 'sigma1': 10, 'sigma2': 20}, 'radius': 125, 'duration_s': 2, 'background': 0.4}
----------------------STIMULUS-----------------------
Blank
 args = {'color': 0.4, 'duration_s': 6.5}
----------------------STIMULUS-----------------------
Spot
 args = {'color': 0.5, 'spatialFilter': DogFftFreqSpec{'offset': 1, 'weight1': 220, 'weight2': -220, 'sigma1': 10, 'sigma2': 20}, 'radius': 187.5, 'duration_s': 2, 'background': 0.4}
----------------------STIMULUS-----------------------
Blank
 args = {'color': 0.4, 'duration_s': 6.5}
----------------------STIMULUS-----------------------
Spot
 args = {'color': 0.5, 'spatialFilter': DogFftFreqSpec{'offset': 1, 'weight1': 220, 'weight2': -220, 'sigma1': 10, 'sigma2': 20}, 'radius': 250, 'duration_s': 2, 'background': 0.4}
----------------------STIMULUS-----------------------
Blank
 args = {'color': 0.4, 'duration_s': 6.5}
----------------------STIMULUS-----------------------
Spot
 args = {'color': 0.5, 'spatialFilter': DogFftFreqSpec{'offset': 1, 'weight1': 220, 'weight2': -220, 'sigma1': 10, 'sigma2': 20}, 'radius': 312.5, 'duration_s': 2, 'background': 0.4}
----------------------STIMULUS-----------------------
Blank
 args = {'color': 0.4, 'duration_s': 6.5}
----------------------STIMULUS-----------------------
Spot
 args = {'color': 0.5, 'spatialFilter': DogFftFreqSpec{'offset': 1, 'weight1': 220, 'weight2': -220, 'sigma1': 10, 'sigma2': 20}, 'radius': 5000, 'duration_s': 2, 'background': 0.4}
----------------------STIMULUS-----------------------
Blank
 args = {'color': 0.4, 'duration_s': 6.5}
----------------------STIMULUS-----------------------
Spot
 args = {'color': 0.5, 'spatialFilter': DogFftFreqSpec{'offset': 1, 'weight1': 220, 'weight2': -220, 'sigma1': 10, 'sigma2': 20}, 'radius': 62.5, 'duration_s': 2, 'background': 0.4}
----------------------STIMULUS-----------------------
Blank
 args = {'color': 0.4, 'duration_s': 6.5}
----------------------STIMULUS-----------------------
Spot
 args = {'color': 0.5, 'spatialFilter': DogFftFreqSpec{'offset': 1, 'weight1': 220, 'weight2': -220, 'sigma1': 10, 'sigma2': 20}, 'radius': 125, 'duration_s': 2, 'background': 0.4}
----------------------STIMULUS-----------------------
Blank
 args = {'color': 0.4, 'duration_s': 6.5}
----------------------STIMULUS-----------------------
Spot
 args = {'color': 0.5, 'spatialFilter': DogFftFreqSpec{'offset': 1, 'weight1': 220, 'weight2': -220, 'sigma1': 10, 'sigma2': 20}, 'radius': 187.5, 'duration_s': 2, 'background': 0.4}
----------------------STIMULUS-----------------------
Blank
 args = {'color': 0.4, 'duration_s': 6.5}
----------------------STIMULUS-----------------------
Spot
 args = {'color': 0.5, 'spatialFilter': DogFftFreqSpec{'offset': 1, 'weight1': 220, 'weight2': -220, 'sigma1': 10, 'sigma2': 20}, 'radius': 250, 'duration_s': 2, 'background': 0.4}
----------------------STIMULUS-----------------------
Blank
 args = {'color': 0.4, 'duration_s': 6.5}
----------------------STIMULUS-----------------------
Spot
 args = {'color': 0.5, 'spatialFilter': DogFftFreqSpec{'offset': 1, 'weight1': 220, 'weight2': -220, 'sigma1': 10, 'sigma2': 20}, 'radius': 312.5, 'duration_s': 2, 'background': 0.4}
----------------------STIMULUS-----------------------
Blank
 args = {'color': 0.4, 'duration_s': 6.5}
----------------------STIMULUS-----------------------
Spot
 args = {'color': 0.5, 'spatialFilter': DogFftFreqSpec{'offset': 1, 'weight1': 220, 'weight2': -220, 'sigma1': 10, 'sigma2': 20}, 'radius': 5000, 'duration_s': 2, 'background': 0.4}
----------------------STIMULUS-----------------------
Blank
 args = {'color': 0.4, 'duration_s': 6.5}
----------------------STIMULUS-----------------------
Blank
 args = {'color': 0.4, 'duration_s': 2}
