#Sequence launch at 2016-07-07_13-10-50
----------------------EXPERIMENT-----------------------
DefaultSequence
 args = {}
----------------------STIMULUS-----------------------
Blank
 args = {'duration_s': 2}
----------------------STIMULUS-----------------------
Blank
 args = {'duration_s': 2}
----------------------STIMULUS-----------------------
Spot
 args = {'background': 0.75, 'radius': 62.5, 'spatialFilter': BigDog{}, 'color': 0.25, 'duration_s': 2}
----------------------STIMULUS-----------------------
Blank
 args = {'duration_s': 6.5}
----------------------STIMULUS-----------------------
Spot
 args = {'background': 0.75, 'radius': 125, 'spatialFilter': BigDog{}, 'color': 0.25, 'duration_s': 2}
----------------------STIMULUS-----------------------
Blank
 args = {'duration_s': 6.5}
----------------------STIMULUS-----------------------
Spot
 args = {'background': 0.75, 'radius': 187.5, 'spatialFilter': BigDog{}, 'color': 0.25, 'duration_s': 2}
----------------------STIMULUS-----------------------
Blank
 args = {'duration_s': 6.5}
----------------------STIMULUS-----------------------
Spot
 args = {'background': 0.75, 'radius': 250, 'spatialFilter': BigDog{}, 'color': 0.25, 'duration_s': 2}
----------------------STIMULUS-----------------------
Blank
 args = {'duration_s': 6.5}
----------------------STIMULUS-----------------------
Spot
 args = {'background': 0.75, 'radius': 312.5, 'spatialFilter': BigDog{}, 'color': 0.25, 'duration_s': 2}
----------------------STIMULUS-----------------------
Blank
 args = {'duration_s': 6.5}
----------------------STIMULUS-----------------------
Spot
 args = {'background': 0.75, 'radius': 5000, 'spatialFilter': BigDog{}, 'color': 0.25, 'duration_s': 2}
----------------------STIMULUS-----------------------
Blank
 args = {'duration_s': 6.5}
----------------------STIMULUS-----------------------
Spot
 args = {'background': 0.75, 'radius': 62.5, 'spatialFilter': BigDog{}, 'color': 0.25, 'duration_s': 2}
----------------------STIMULUS-----------------------
Blank
 args = {'duration_s': 6.5}
----------------------STIMULUS-----------------------
Spot
 args = {'background': 0.75, 'radius': 125, 'spatialFilter': BigDog{}, 'color': 0.25, 'duration_s': 2}
----------------------STIMULUS-----------------------
Blank
 args = {'duration_s': 6.5}
----------------------STIMULUS-----------------------
Spot
 args = {'background': 0.75, 'radius': 187.5, 'spatialFilter': BigDog{}, 'color': 0.25, 'duration_s': 2}
----------------------STIMULUS-----------------------
Blank
 args = {'duration_s': 6.5}
----------------------STIMULUS-----------------------
Spot
 args = {'background': 0.75, 'radius': 250, 'spatialFilter': BigDog{}, 'color': 0.25, 'duration_s': 2}
----------------------STIMULUS-----------------------
Blank
 args = {'duration_s': 6.5}
----------------------STIMULUS-----------------------
Spot
 args = {'background': 0.75, 'radius': 312.5, 'spatialFilter': BigDog{}, 'color': 0.25, 'duration_s': 2}
----------------------STIMULUS-----------------------
Blank
 args = {'duration_s': 6.5}
----------------------STIMULUS-----------------------
Spot
 args = {'background': 0.75, 'radius': 5000, 'spatialFilter': BigDog{}, 'color': 0.25, 'duration_s': 2}
----------------------STIMULUS-----------------------
Blank
 args = {'duration_s': 6.5}
----------------------STIMULUS-----------------------
Spot
 args = {'background': 0.75, 'radius': 62.5, 'spatialFilter': BigDog{}, 'color': 0.25, 'duration_s': 2}
----------------------STIMULUS-----------------------
Blank
 args = {'duration_s': 6.5}
----------------------STIMULUS-----------------------
Spot
 args = {'background': 0.75, 'radius': 125, 'spatialFilter': BigDog{}, 'color': 0.25, 'duration_s': 2}
----------------------STIMULUS-----------------------
Blank
 args = {'duration_s': 6.5}
----------------------STIMULUS-----------------------
Spot
 args = {'background': 0.75, 'radius': 187.5, 'spatialFilter': BigDog{}, 'color': 0.25, 'duration_s': 2}
----------------------STIMULUS-----------------------
Blank
 args = {'duration_s': 6.5}
----------------------STIMULUS-----------------------
Spot
 args = {'background': 0.75, 'radius': 250, 'spatialFilter': BigDog{}, 'color': 0.25, 'duration_s': 2}
----------------------STIMULUS-----------------------
Blank
 args = {'duration_s': 6.5}
----------------------STIMULUS-----------------------
Spot
 args = {'background': 0.75, 'radius': 312.5, 'spatialFilter': BigDog{}, 'color': 0.25, 'duration_s': 2}
----------------------STIMULUS-----------------------
Blank
 args = {'duration_s': 6.5}
----------------------STIMULUS-----------------------
Spot
 args = {'background': 0.75, 'radius': 5000, 'spatialFilter': BigDog{}, 'color': 0.25, 'duration_s': 2}
----------------------STIMULUS-----------------------
Blank
 args = {'duration_s': 6.5}
----------------------STIMULUS-----------------------
Blank
 args = {'duration_s': 2}
