#Sequence launch at 2016-07-07_13-17-44
----------------------EXPERIMENT-----------------------
DefaultSequence
 args = {}
----------------------STIMULUS-----------------------
Blank
 args = {'duration_s': 2}
----------------------STIMULUS-----------------------
Blank
 args = {'duration_s': 2}
----------------------STIMULUS-----------------------
Spot
 args = {'background': 0.75, 'spatialFilter': IdealLowpass{}, 'duration_s': 2, 'radius': 62.5, 'color': 0.25}
----------------------STIMULUS-----------------------
Blank
 args = {'duration_s': 6.5}
----------------------STIMULUS-----------------------
Spot
 args = {'background': 0.75, 'spatialFilter': IdealLowpass{}, 'duration_s': 2, 'radius': 125, 'color': 0.25}
----------------------STIMULUS-----------------------
Blank
 args = {'duration_s': 6.5}
----------------------STIMULUS-----------------------
Spot
 args = {'background': 0.75, 'spatialFilter': IdealLowpass{}, 'duration_s': 2, 'radius': 187.5, 'color': 0.25}
----------------------STIMULUS-----------------------
Blank
 args = {'duration_s': 6.5}
----------------------STIMULUS-----------------------
Spot
 args = {'background': 0.75, 'spatialFilter': IdealLowpass{}, 'duration_s': 2, 'radius': 250, 'color': 0.25}
----------------------STIMULUS-----------------------
Blank
 args = {'duration_s': 6.5}
----------------------STIMULUS-----------------------
Spot
 args = {'background': 0.75, 'spatialFilter': IdealLowpass{}, 'duration_s': 2, 'radius': 312.5, 'color': 0.25}
----------------------STIMULUS-----------------------
Blank
 args = {'duration_s': 6.5}
----------------------STIMULUS-----------------------
Spot
 args = {'background': 0.75, 'spatialFilter': IdealLowpass{}, 'duration_s': 2, 'radius': 5000, 'color': 0.25}
----------------------STIMULUS-----------------------
Blank
 args = {'duration_s': 6.5}
----------------------STIMULUS-----------------------
Spot
 args = {'background': 0.75, 'spatialFilter': IdealLowpass{}, 'duration_s': 2, 'radius': 62.5, 'color': 0.25}
----------------------STIMULUS-----------------------
Blank
 args = {'duration_s': 6.5}
----------------------STIMULUS-----------------------
Spot
 args = {'background': 0.75, 'spatialFilter': IdealLowpass{}, 'duration_s': 2, 'radius': 125, 'color': 0.25}
----------------------STIMULUS-----------------------
Blank
 args = {'duration_s': 6.5}
----------------------STIMULUS-----------------------
Spot
 args = {'background': 0.75, 'spatialFilter': IdealLowpass{}, 'duration_s': 2, 'radius': 187.5, 'color': 0.25}
----------------------STIMULUS-----------------------
Blank
 args = {'duration_s': 6.5}
----------------------STIMULUS-----------------------
Spot
 args = {'background': 0.75, 'spatialFilter': IdealLowpass{}, 'duration_s': 2, 'radius': 250, 'color': 0.25}
----------------------STIMULUS-----------------------
Blank
 args = {'duration_s': 6.5}
----------------------STIMULUS-----------------------
Spot
 args = {'background': 0.75, 'spatialFilter': IdealLowpass{}, 'duration_s': 2, 'radius': 312.5, 'color': 0.25}
----------------------STIMULUS-----------------------
Blank
 args = {'duration_s': 6.5}
----------------------STIMULUS-----------------------
Spot
 args = {'background': 0.75, 'spatialFilter': IdealLowpass{}, 'duration_s': 2, 'radius': 5000, 'color': 0.25}
----------------------STIMULUS-----------------------
Blank
 args = {'duration_s': 6.5}
----------------------STIMULUS-----------------------
Spot
 args = {'background': 0.75, 'spatialFilter': IdealLowpass{}, 'duration_s': 2, 'radius': 62.5, 'color': 0.25}
----------------------STIMULUS-----------------------
Blank
 args = {'duration_s': 6.5}
----------------------STIMULUS-----------------------
Spot
 args = {'background': 0.75, 'spatialFilter': IdealLowpass{}, 'duration_s': 2, 'radius': 125, 'color': 0.25}
----------------------STIMULUS-----------------------
Blank
 args = {'duration_s': 6.5}
----------------------STIMULUS-----------------------
Spot
 args = {'background': 0.75, 'spatialFilter': IdealLowpass{}, 'duration_s': 2, 'radius': 187.5, 'color': 0.25}
----------------------STIMULUS-----------------------
Blank
 args = {'duration_s': 6.5}
----------------------STIMULUS-----------------------
Spot
 args = {'background': 0.75, 'spatialFilter': IdealLowpass{}, 'duration_s': 2, 'radius': 250, 'color': 0.25}
----------------------STIMULUS-----------------------
Blank
 args = {'duration_s': 6.5}
----------------------STIMULUS-----------------------
Spot
 args = {'background': 0.75, 'spatialFilter': IdealLowpass{}, 'duration_s': 2, 'radius': 312.5, 'color': 0.25}
----------------------STIMULUS-----------------------
Blank
 args = {'duration_s': 6.5}
----------------------STIMULUS-----------------------
Spot
 args = {'background': 0.75, 'spatialFilter': IdealLowpass{}, 'duration_s': 2, 'radius': 5000, 'color': 0.25}
----------------------STIMULUS-----------------------
Blank
 args = {'duration_s': 6.5}
----------------------STIMULUS-----------------------
Blank
 args = {'duration_s': 2}
