#Sequence launch at 2016-07-11_00-58-26
----------------------EXPERIMENT-----------------------
DefaultSequence
 args = {}
----------------------STIMULUS-----------------------
Blank
 args = {'duration_s': 2}
----------------------STIMULUS-----------------------
Blank
 args = {'duration_s': 2}
----------------------STIMULUS-----------------------
Spot
 args = {'radius': 62.5, 'color': 0.5, 'duration_s': 2, 'spatialFilter': DogFftFreqSpec{'offset': 1, 'weight1': 220, 'weight2': -220, 'sigma2': 20, 'sigma1': 10}, 'background': 0.4}
----------------------STIMULUS-----------------------
Blank
 args = {'color': 0.4, 'duration_s': 6.5}
----------------------STIMULUS-----------------------
Spot
 args = {'radius': 125, 'color': 0.5, 'duration_s': 2, 'spatialFilter': DogFftFreqSpec{'offset': 1, 'weight1': 220, 'weight2': -220, 'sigma2': 20, 'sigma1': 10}, 'background': 0.4}
----------------------STIMULUS-----------------------
Blank
 args = {'color': 0.4, 'duration_s': 6.5}
----------------------STIMULUS-----------------------
Spot
 args = {'radius': 187.5, 'color': 0.5, 'duration_s': 2, 'spatialFilter': DogFftFreqSpec{'offset': 1, 'weight1': 220, 'weight2': -220, 'sigma2': 20, 'sigma1': 10}, 'background': 0.4}
----------------------STIMULUS-----------------------
Blank
 args = {'color': 0.4, 'duration_s': 6.5}
----------------------STIMULUS-----------------------
Spot
 args = {'radius': 250, 'color': 0.5, 'duration_s': 2, 'spatialFilter': DogFftFreqSpec{'offset': 1, 'weight1': 220, 'weight2': -220, 'sigma2': 20, 'sigma1': 10}, 'background': 0.4}
----------------------STIMULUS-----------------------
Blank
 args = {'color': 0.4, 'duration_s': 6.5}
----------------------STIMULUS-----------------------
Spot
 args = {'radius': 312.5, 'color': 0.5, 'duration_s': 2, 'spatialFilter': DogFftFreqSpec{'offset': 1, 'weight1': 220, 'weight2': -220, 'sigma2': 20, 'sigma1': 10}, 'background': 0.4}
----------------------STIMULUS-----------------------
Blank
 args = {'color': 0.4, 'duration_s': 6.5}
----------------------STIMULUS-----------------------
Spot
 args = {'radius': 5000, 'color': 0.5, 'duration_s': 2, 'spatialFilter': DogFftFreqSpec{'offset': 1, 'weight1': 220, 'weight2': -220, 'sigma2': 20, 'sigma1': 10}, 'background': 0.4}
----------------------STIMULUS-----------------------
Blank
 args = {'color': 0.4, 'duration_s': 6.5}
----------------------STIMULUS-----------------------
Spot
 args = {'radius': 62.5, 'color': 0.5, 'duration_s': 2, 'spatialFilter': DogFftFreqSpec{'offset': 1, 'weight1': 220, 'weight2': -220, 'sigma2': 20, 'sigma1': 10}, 'background': 0.4}
----------------------STIMULUS-----------------------
Blank
 args = {'color': 0.4, 'duration_s': 6.5}
----------------------STIMULUS-----------------------
Spot
 args = {'radius': 125, 'color': 0.5, 'duration_s': 2, 'spatialFilter': DogFftFreqSpec{'offset': 1, 'weight1': 220, 'weight2': -220, 'sigma2': 20, 'sigma1': 10}, 'background': 0.4}
----------------------STIMULUS-----------------------
Blank
 args = {'color': 0.4, 'duration_s': 6.5}
----------------------STIMULUS-----------------------
Spot
 args = {'radius': 187.5, 'color': 0.5, 'duration_s': 2, 'spatialFilter': DogFftFreqSpec{'offset': 1, 'weight1': 220, 'weight2': -220, 'sigma2': 20, 'sigma1': 10}, 'background': 0.4}
----------------------STIMULUS-----------------------
Blank
 args = {'color': 0.4, 'duration_s': 6.5}
----------------------STIMULUS-----------------------
Spot
 args = {'radius': 250, 'color': 0.5, 'duration_s': 2, 'spatialFilter': DogFftFreqSpec{'offset': 1, 'weight1': 220, 'weight2': -220, 'sigma2': 20, 'sigma1': 10}, 'background': 0.4}
----------------------STIMULUS-----------------------
Blank
 args = {'color': 0.4, 'duration_s': 6.5}
----------------------STIMULUS-----------------------
Spot
 args = {'radius': 312.5, 'color': 0.5, 'duration_s': 2, 'spatialFilter': DogFftFreqSpec{'offset': 1, 'weight1': 220, 'weight2': -220, 'sigma2': 20, 'sigma1': 10}, 'background': 0.4}
----------------------STIMULUS-----------------------
Blank
 args = {'color': 0.4, 'duration_s': 6.5}
----------------------STIMULUS-----------------------
Spot
 args = {'radius': 5000, 'color': 0.5, 'duration_s': 2, 'spatialFilter': DogFftFreqSpec{'offset': 1, 'weight1': 220, 'weight2': -220, 'sigma2': 20, 'sigma1': 10}, 'background': 0.4}
----------------------STIMULUS-----------------------
Blank
 args = {'color': 0.4, 'duration_s': 6.5}
----------------------STIMULUS-----------------------
Spot
 args = {'radius': 62.5, 'color': 0.5, 'duration_s': 2, 'spatialFilter': DogFftFreqSpec{'offset': 1, 'weight1': 220, 'weight2': -220, 'sigma2': 20, 'sigma1': 10}, 'background': 0.4}
----------------------STIMULUS-----------------------
Blank
 args = {'color': 0.4, 'duration_s': 6.5}
----------------------STIMULUS-----------------------
Spot
 args = {'radius': 125, 'color': 0.5, 'duration_s': 2, 'spatialFilter': DogFftFreqSpec{'offset': 1, 'weight1': 220, 'weight2': -220, 'sigma2': 20, 'sigma1': 10}, 'background': 0.4}
----------------------STIMULUS-----------------------
Blank
 args = {'color': 0.4, 'duration_s': 6.5}
----------------------STIMULUS-----------------------
Spot
 args = {'radius': 187.5, 'color': 0.5, 'duration_s': 2, 'spatialFilter': DogFftFreqSpec{'offset': 1, 'weight1': 220, 'weight2': -220, 'sigma2': 20, 'sigma1': 10}, 'background': 0.4}
----------------------STIMULUS-----------------------
Blank
 args = {'color': 0.4, 'duration_s': 6.5}
----------------------STIMULUS-----------------------
Spot
 args = {'radius': 250, 'color': 0.5, 'duration_s': 2, 'spatialFilter': DogFftFreqSpec{'offset': 1, 'weight1': 220, 'weight2': -220, 'sigma2': 20, 'sigma1': 10}, 'background': 0.4}
----------------------STIMULUS-----------------------
Blank
 args = {'color': 0.4, 'duration_s': 6.5}
----------------------STIMULUS-----------------------
Spot
 args = {'radius': 312.5, 'color': 0.5, 'duration_s': 2, 'spatialFilter': DogFftFreqSpec{'offset': 1, 'weight1': 220, 'weight2': -220, 'sigma2': 20, 'sigma1': 10}, 'background': 0.4}
----------------------STIMULUS-----------------------
Blank
 args = {'color': 0.4, 'duration_s': 6.5}
----------------------STIMULUS-----------------------
Spot
 args = {'radius': 5000, 'color': 0.5, 'duration_s': 2, 'spatialFilter': DogFftFreqSpec{'offset': 1, 'weight1': 220, 'weight2': -220, 'sigma2': 20, 'sigma1': 10}, 'background': 0.4}
----------------------STIMULUS-----------------------
Blank
 args = {'color': 0.4, 'duration_s': 6.5}
----------------------STIMULUS-----------------------
Blank
 args = {'color': 0.4, 'duration_s': 2}
