#Sequence launch at 2016-07-11_00-59-35
----------------------EXPERIMENT-----------------------
DefaultSequence
 args = {}
----------------------STIMULUS-----------------------
Blank
 args = {'duration_s': 2}
----------------------STIMULUS-----------------------
Blank
 args = {'duration_s': 2}
----------------------STIMULUS-----------------------
Spot
 args = {'spatialFilter': DogFftFreqSpec{'weight2': -220, 'offset': 1, 'weight1': 220, 'sigma2': 10, 'sigma1': 5}, 'color': 0.5, 'background': 0.4, 'duration_s': 2, 'radius': 62.5}
----------------------STIMULUS-----------------------
Blank
 args = {'color': 0.4, 'duration_s': 6.5}
----------------------STIMULUS-----------------------
Spot
 args = {'spatialFilter': DogFftFreqSpec{'weight2': -220, 'offset': 1, 'weight1': 220, 'sigma2': 10, 'sigma1': 5}, 'color': 0.5, 'background': 0.4, 'duration_s': 2, 'radius': 125}
----------------------STIMULUS-----------------------
Blank
 args = {'color': 0.4, 'duration_s': 6.5}
----------------------STIMULUS-----------------------
Spot
 args = {'spatialFilter': DogFftFreqSpec{'weight2': -220, 'offset': 1, 'weight1': 220, 'sigma2': 10, 'sigma1': 5}, 'color': 0.5, 'background': 0.4, 'duration_s': 2, 'radius': 187.5}
----------------------STIMULUS-----------------------
Blank
 args = {'color': 0.4, 'duration_s': 6.5}
----------------------STIMULUS-----------------------
Spot
 args = {'spatialFilter': DogFftFreqSpec{'weight2': -220, 'offset': 1, 'weight1': 220, 'sigma2': 10, 'sigma1': 5}, 'color': 0.5, 'background': 0.4, 'duration_s': 2, 'radius': 250}
----------------------STIMULUS-----------------------
Blank
 args = {'color': 0.4, 'duration_s': 6.5}
----------------------STIMULUS-----------------------
Spot
 args = {'spatialFilter': DogFftFreqSpec{'weight2': -220, 'offset': 1, 'weight1': 220, 'sigma2': 10, 'sigma1': 5}, 'color': 0.5, 'background': 0.4, 'duration_s': 2, 'radius': 312.5}
----------------------STIMULUS-----------------------
Blank
 args = {'color': 0.4, 'duration_s': 6.5}
----------------------STIMULUS-----------------------
Spot
 args = {'spatialFilter': DogFftFreqSpec{'weight2': -220, 'offset': 1, 'weight1': 220, 'sigma2': 10, 'sigma1': 5}, 'color': 0.5, 'background': 0.4, 'duration_s': 2, 'radius': 5000}
----------------------STIMULUS-----------------------
Blank
 args = {'color': 0.4, 'duration_s': 6.5}
----------------------STIMULUS-----------------------
Spot
 args = {'spatialFilter': DogFftFreqSpec{'weight2': -220, 'offset': 1, 'weight1': 220, 'sigma2': 10, 'sigma1': 5}, 'color': 0.5, 'background': 0.4, 'duration_s': 2, 'radius': 62.5}
----------------------STIMULUS-----------------------
Blank
 args = {'color': 0.4, 'duration_s': 6.5}
----------------------STIMULUS-----------------------
Spot
 args = {'spatialFilter': DogFftFreqSpec{'weight2': -220, 'offset': 1, 'weight1': 220, 'sigma2': 10, 'sigma1': 5}, 'color': 0.5, 'background': 0.4, 'duration_s': 2, 'radius': 125}
----------------------STIMULUS-----------------------
Blank
 args = {'color': 0.4, 'duration_s': 6.5}
----------------------STIMULUS-----------------------
Spot
 args = {'spatialFilter': DogFftFreqSpec{'weight2': -220, 'offset': 1, 'weight1': 220, 'sigma2': 10, 'sigma1': 5}, 'color': 0.5, 'background': 0.4, 'duration_s': 2, 'radius': 187.5}
----------------------STIMULUS-----------------------
Blank
 args = {'color': 0.4, 'duration_s': 6.5}
----------------------STIMULUS-----------------------
Spot
 args = {'spatialFilter': DogFftFreqSpec{'weight2': -220, 'offset': 1, 'weight1': 220, 'sigma2': 10, 'sigma1': 5}, 'color': 0.5, 'background': 0.4, 'duration_s': 2, 'radius': 250}
----------------------STIMULUS-----------------------
Blank
 args = {'color': 0.4, 'duration_s': 6.5}
----------------------STIMULUS-----------------------
Spot
 args = {'spatialFilter': DogFftFreqSpec{'weight2': -220, 'offset': 1, 'weight1': 220, 'sigma2': 10, 'sigma1': 5}, 'color': 0.5, 'background': 0.4, 'duration_s': 2, 'radius': 312.5}
----------------------STIMULUS-----------------------
Blank
 args = {'color': 0.4, 'duration_s': 6.5}
----------------------STIMULUS-----------------------
Spot
 args = {'spatialFilter': DogFftFreqSpec{'weight2': -220, 'offset': 1, 'weight1': 220, 'sigma2': 10, 'sigma1': 5}, 'color': 0.5, 'background': 0.4, 'duration_s': 2, 'radius': 5000}
----------------------STIMULUS-----------------------
Blank
 args = {'color': 0.4, 'duration_s': 6.5}
----------------------STIMULUS-----------------------
Spot
 args = {'spatialFilter': DogFftFreqSpec{'weight2': -220, 'offset': 1, 'weight1': 220, 'sigma2': 10, 'sigma1': 5}, 'color': 0.5, 'background': 0.4, 'duration_s': 2, 'radius': 62.5}
----------------------STIMULUS-----------------------
Blank
 args = {'color': 0.4, 'duration_s': 6.5}
----------------------STIMULUS-----------------------
Spot
 args = {'spatialFilter': DogFftFreqSpec{'weight2': -220, 'offset': 1, 'weight1': 220, 'sigma2': 10, 'sigma1': 5}, 'color': 0.5, 'background': 0.4, 'duration_s': 2, 'radius': 125}
----------------------STIMULUS-----------------------
Blank
 args = {'color': 0.4, 'duration_s': 6.5}
----------------------STIMULUS-----------------------
Spot
 args = {'spatialFilter': DogFftFreqSpec{'weight2': -220, 'offset': 1, 'weight1': 220, 'sigma2': 10, 'sigma1': 5}, 'color': 0.5, 'background': 0.4, 'duration_s': 2, 'radius': 187.5}
----------------------STIMULUS-----------------------
Blank
 args = {'color': 0.4, 'duration_s': 6.5}
----------------------STIMULUS-----------------------
Spot
 args = {'spatialFilter': DogFftFreqSpec{'weight2': -220, 'offset': 1, 'weight1': 220, 'sigma2': 10, 'sigma1': 5}, 'color': 0.5, 'background': 0.4, 'duration_s': 2, 'radius': 250}
----------------------STIMULUS-----------------------
Blank
 args = {'color': 0.4, 'duration_s': 6.5}
----------------------STIMULUS-----------------------
Spot
 args = {'spatialFilter': DogFftFreqSpec{'weight2': -220, 'offset': 1, 'weight1': 220, 'sigma2': 10, 'sigma1': 5}, 'color': 0.5, 'background': 0.4, 'duration_s': 2, 'radius': 312.5}
----------------------STIMULUS-----------------------
Blank
 args = {'color': 0.4, 'duration_s': 6.5}
----------------------STIMULUS-----------------------
Spot
 args = {'spatialFilter': DogFftFreqSpec{'weight2': -220, 'offset': 1, 'weight1': 220, 'sigma2': 10, 'sigma1': 5}, 'color': 0.5, 'background': 0.4, 'duration_s': 2, 'radius': 5000}
----------------------STIMULUS-----------------------
Blank
 args = {'color': 0.4, 'duration_s': 6.5}
----------------------STIMULUS-----------------------
Blank
 args = {'color': 0.4, 'duration_s': 2}
