#Sequence launch at 2016-07-10_19-51-21
----------------------EXPERIMENT-----------------------
SpotSequence
 args = {}
----------------------STIMULUS-----------------------
Blank
 args = {'duration_s': 2}
----------------------STIMULUS-----------------------
Blank
 args = {'duration_s': 2}
----------------------STIMULUS-----------------------
SpotOscillation
 args = {'duration_s': 37.5, 'radius': 125, 'wavelength_s': 0.0667334, 'endWavelength_s': 4.270937604270937}
----------------------STIMULUS-----------------------
SpotOscillation
 args = {'duration_s': 37.5, 'radius': 125, 'wavelength_s': 4.270937604270937, 'endWavelength_s': 0.0667334}
----------------------STIMULUS-----------------------
Blank
 args = {'duration_s': 4.5}
----------------------STIMULUS-----------------------
Blank
 args = {'duration_s': 2}
----------------------STIMULUS-----------------------
SpotOscillation
 args = {'duration_s': 37.5, 'radius': 125, 'wavelength_s': 0.0667334, 'endWavelength_s': 4.270937604270937}
----------------------STIMULUS-----------------------
SpotOscillation
 args = {'duration_s': 37.5, 'radius': 125, 'wavelength_s': 4.270937604270937, 'endWavelength_s': 0.0667334}
----------------------STIMULUS-----------------------
Blank
 args = {'duration_s': 4.5}
----------------------STIMULUS-----------------------
Blank
 args = {'duration_s': 2}
----------------------STIMULUS-----------------------
SpotOscillation
 args = {'duration_s': 37.5, 'radius': 125, 'wavelength_s': 0.0667334, 'endWavelength_s': 4.270937604270937}
----------------------STIMULUS-----------------------
SpotOscillation
 args = {'duration_s': 37.5, 'radius': 125, 'wavelength_s': 4.270937604270937, 'endWavelength_s': 0.0667334}
----------------------STIMULUS-----------------------
Blank
 args = {'duration_s': 4.5}
----------------------STIMULUS-----------------------
Blank
 args = {'duration_s': 2}
