#Sequence launch at 2016-08-05_18-03-53
----------------------EXPERIMENT-----------------------
MovingShapeSequence
 args = {}
----------------------STIMULUS-----------------------
Blank
 args = {'duration_s': 1}
----------------------STIMULUS-----------------------
Cross
 args = {'direction': 'east'}
----------------------STIMULUS-----------------------
Blank
 args = {'duration_s': 1}
----------------------STIMULUS-----------------------
Cross
 args = {'direction': 'west'}
----------------------STIMULUS-----------------------
Blank
 args = {'duration_s': 1}
----------------------STIMULUS-----------------------
Cross
 args = {'direction': 'south'}
----------------------STIMULUS-----------------------
Blank
 args = {'duration_s': 1}
----------------------STIMULUS-----------------------
Cross
 args = {'direction': 'north'}
----------------------STIMULUS-----------------------
Blank
 args = {'duration_s': 1}
----------------------STIMULUS-----------------------
Cross
 args = {'direction': 'southeast'}
----------------------STIMULUS-----------------------
Blank
 args = {'duration_s': 1}
----------------------STIMULUS-----------------------
Cross
 args = {'direction': 'northwest'}
----------------------STIMULUS-----------------------
Blank
 args = {'duration_s': 1}
----------------------STIMULUS-----------------------
Cross
 args = {'direction': 'southwest'}
----------------------STIMULUS-----------------------
Blank
 args = {'duration_s': 1}
----------------------STIMULUS-----------------------
Cross
 args = {'direction': 'northeast'}
----------------------STIMULUS-----------------------
Blank
 args = {'duration_s': 1}
