#Sequence launch at 2016-08-10_17-48-56
----------------------EXPERIMENT-----------------------
BarcodeSequence
 args = {'frameRateDivisor': 1}
----------------------STIMULUS-----------------------
Blank
 args = {'duration_s': 2}
----------------------STIMULUS-----------------------
Blank
 args = {'duration_s': 2}
----------------------STIMULUS-----------------------
ShiftingBarcode
 args = {'initialValue': 'random', 'duration_s': 3, 'randomSeed': 35436546}
----------------------STIMULUS-----------------------
ShiftingBarcode
 args = {'initialValue': 'keep', 'step': (1, 0), 'duration_s': 3, 'randomSeed': 35436546}
----------------------STIMULUS-----------------------
ShiftingBarcode
 args = {'initialValue': 'random', 'step': (0, -1), 'duration_s': 3, 'randomSeed': 35436546, 'randomGridSize': (1, 0)}
----------------------STIMULUS-----------------------
ShiftingBarcode
 args = {'initialValue': 'keep', 'step': (0, 1), 'duration_s': 3, 'randomSeed': 35436546, 'randomGridSize': (1, 0)}
----------------------STIMULUS-----------------------
Blank
 args = {'duration_s': 2}
----------------------STIMULUS-----------------------
Blank
 args = {'duration_s': 2}
