#Sequence launch at 2016-08-10_17-53-22
----------------------EXPERIMENT-----------------------
BarcodeSequence
 args = {'frameRateDivisor': 1}
----------------------STIMULUS-----------------------
Blank
 args = {'duration_s': 2}
----------------------STIMULUS-----------------------
Blank
 args = {'duration_s': 2}
----------------------STIMULUS-----------------------
ShiftingBarcode
 args = {'initialValue': 'random', 'randomSeed': 35436546, 'duration_s': 3}
----------------------STIMULUS-----------------------
ShiftingBarcode
 args = {'initialValue': 'keep', 'randomSeed': 35436546, 'duration_s': 3, 'step': (1, 0)}
----------------------STIMULUS-----------------------
ShiftingBarcode
 args = {'randomGridSize': (1, 0), 'initialValue': 'random', 'randomSeed': 35436546, 'duration_s': 3, 'step': (0, -1)}
----------------------STIMULUS-----------------------
ShiftingBarcode
 args = {'randomGridSize': (1, 0), 'initialValue': 'keep', 'randomSeed': 35436546, 'duration_s': 3, 'step': (0, 1)}
----------------------STIMULUS-----------------------
Blank
 args = {'duration_s': 2}
----------------------STIMULUS-----------------------
Blank
 args = {'duration_s': 2}
