#Sequence launch at 2016-10-31_10-18-21
----------------------EXPERIMENT-----------------------
DefaultSequence
 args = {'exportRandomsChannelCount': 3, 'exportRandomsAsBinary': True, 'exportRandomsAsReal': False, 'frameRateDivisor': 1, 'exportRandomsWithHashmarkComments': True}
----------------------STIMULUS-----------------------
Blank
 args = {'duration_s': 2}
----------------------STIMULUS-----------------------
Blank
 args = {'duration_s': 2}
----------------------STIMULUS-----------------------
ShiftingBarcode
 args = {'initialValue': 'random', 'duration_s': 3, 'shape': SaturatedColorRandomGrid{}, 'randomSeed': 35436546}
----------------------STIMULUS-----------------------
ShiftingBarcode
 args = {'initialValue': 'keep', 'duration_s': 3, 'shape': SaturatedColorRandomGrid{}, 'randomSeed': 35436546, 'step': (1, 0)}
----------------------STIMULUS-----------------------
ShiftingBarcode
 args = {'duration_s': 3, 'shape': SaturatedColorRandomGrid{}, 'initialValue': 'random', 'step': (0, -1), 'randomSeed': 35436546, 'randomGridSize': (1, 0)}
----------------------STIMULUS-----------------------
ShiftingBarcode
 args = {'duration_s': 3, 'shape': SaturatedColorRandomGrid{}, 'initialValue': 'keep', 'step': (0, 1), 'randomSeed': 35436546, 'randomGridSize': (1, 0)}
----------------------STIMULUS-----------------------
Blank
 args = {'duration_s': 2}
----------------------STIMULUS-----------------------
Blank
 args = {'duration_s': 2}
