#Sequence launch at 2016-10-26_20-17-41
----------------------EXPERIMENT-----------------------
DefaultSequence
 args = {}
----------------------STIMULUS-----------------------
Blank
 args = {'duration_s': 1}
----------------------STIMULUS-----------------------
Blank
 args = {'color': 0.5, 'duration_s': 20}
----------------------STIMULUS-----------------------
MovingGrid
 args = {'sineExponent': 0, 'duration_s': 1, 'direction': 'east'}
----------------------STIMULUS-----------------------
MovingGrid
 args = {'sineExponent': 0, 'velocity': 1200, 'duration_s': 18, 'direction': 'east'}
----------------------STIMULUS-----------------------
MovingGrid
 args = {'sineExponent': 0, 'duration_s': 1, 'direction': 'east'}
----------------------STIMULUS-----------------------
MovingGrid
 args = {'sineExponent': 0, 'velocity': -1200, 'duration_s': 18, 'direction': 'east'}
----------------------STIMULUS-----------------------
MovingGrid
 args = {'sineExponent': 0, 'duration_s': 1, 'direction': 'east'}
----------------------STIMULUS-----------------------
MovingGrid
 args = {'sineExponent': 0, 'duration_s': 1, 'direction': 'north'}
----------------------STIMULUS-----------------------
MovingGrid
 args = {'sineExponent': 0, 'velocity': 1200, 'duration_s': 18, 'direction': 'north'}
----------------------STIMULUS-----------------------
MovingGrid
 args = {'sineExponent': 0, 'duration_s': 1, 'direction': 'north'}
----------------------STIMULUS-----------------------
MovingGrid
 args = {'sineExponent': 0, 'velocity': -1200, 'duration_s': 18, 'direction': 'north'}
----------------------STIMULUS-----------------------
MovingGrid
 args = {'sineExponent': 0, 'duration_s': 1, 'direction': 'north'}
----------------------STIMULUS-----------------------
MovingGrid
 args = {'sineExponent': 0, 'duration_s': 1, 'direction': 'southeast'}
----------------------STIMULUS-----------------------
MovingGrid
 args = {'sineExponent': 0, 'velocity': 1200, 'duration_s': 18, 'direction': 'southeast'}
----------------------STIMULUS-----------------------
MovingGrid
 args = {'sineExponent': 0, 'duration_s': 1, 'direction': 'southeast'}
----------------------STIMULUS-----------------------
MovingGrid
 args = {'sineExponent': 0, 'velocity': -1200, 'duration_s': 18, 'direction': 'southeast'}
----------------------STIMULUS-----------------------
MovingGrid
 args = {'sineExponent': 0, 'duration_s': 1, 'direction': 'southeast'}
----------------------STIMULUS-----------------------
MovingGrid
 args = {'sineExponent': 0, 'duration_s': 1, 'direction': 'southwest'}
----------------------STIMULUS-----------------------
MovingGrid
 args = {'sineExponent': 0, 'velocity': 1200, 'duration_s': 18, 'direction': 'southwest'}
----------------------STIMULUS-----------------------
MovingGrid
 args = {'sineExponent': 0, 'duration_s': 1, 'direction': 'southwest'}
----------------------STIMULUS-----------------------
MovingGrid
 args = {'sineExponent': 0, 'velocity': -1200, 'duration_s': 18, 'direction': 'southwest'}
----------------------STIMULUS-----------------------
MovingGrid
 args = {'sineExponent': 0, 'duration_s': 1, 'direction': 'southwest'}
----------------------STIMULUS-----------------------
Blank
 args = {'duration_s': 1}
