#Sequence launch at 2016-07-07_07-56-54
----------------------EXPERIMENT-----------------------
SpotSequence
 args = {'frameRateDivisor': 1}
----------------------STIMULUS-----------------------
Blank
 args = {'duration_s': 1.0}
----------------------STIMULUS-----------------------
Blank
 args = {'duration_s': 2.0, 'temporalFilter': Exponential{}}
----------------------STIMULUS-----------------------
Spot
 args = {'duration_s': 2, 'radius': 128, 'color': 'white', 'temporalFilter': Exponential{}}
----------------------STIMULUS-----------------------
Blank
 args = {'duration_s': 2.0, 'temporalFilter': Exponential{}}
----------------------STIMULUS-----------------------
Spot
 args = {'duration_s': 2, 'radius': 128, 'color': 'white', 'temporalFilter': Exponential{}}
----------------------STIMULUS-----------------------
Blank
 args = {'duration_s': 2.0, 'temporalFilter': Exponential{}}
----------------------STIMULUS-----------------------
Blank
 args = {'duration_s': 1.0}
