#Sequence launch at 2016-07-14_08-41-31
----------------------EXPERIMENT-----------------------
SpotSequence
 args = {'frameRateDivisor': 1}
----------------------STIMULUS-----------------------
Blank
 args = {'temporalFilter': Cell{}, 'duration_s': 1.0}
----------------------STIMULUS-----------------------
Blank
 args = {'temporalFilter': Cell{}, 'duration_s': 2.0}
----------------------STIMULUS-----------------------
Spot
 args = {'duration_s': 2, 'color': 'white', 'temporalFilter': Cell{}, 'radius': 128}
----------------------STIMULUS-----------------------
Spot
 args = {'duration_s': 2, 'color': (0.5, 0.5, 0.5), 'temporalFilter': Cell{}, 'radius': 128}
----------------------STIMULUS-----------------------
Spot
 args = {'duration_s': 2, 'color': 'white', 'temporalFilter': Cell{}, 'radius': 128}
----------------------STIMULUS-----------------------
Spot
 args = {'duration_s': 2, 'color': (0.5, 0.5, 0.5), 'temporalFilter': Cell{}, 'radius': 128}
----------------------STIMULUS-----------------------
Blank
 args = {'temporalFilter': Cell{}, 'duration_s': 2.0}
----------------------STIMULUS-----------------------
Blank
 args = {'temporalFilter': Cell{}, 'duration_s': 1.0}
