#Sequence launch at 2016-07-11_22-56-46
----------------------EXPERIMENT-----------------------
SpotSequence
 args = {'frameRateDivisor': 1}
----------------------STIMULUS-----------------------
Blank
 args = {'temporalFilter': Cell{}, 'duration_s': 1.0}
----------------------STIMULUS-----------------------
Blank
 args = {'temporalFilter': Cell{}, 'duration_s': 2.0}
----------------------STIMULUS-----------------------
Spot
 args = {'radius': 128, 'temporalFilter': Cell{}, 'duration_s': 2, 'color': 'white'}
----------------------STIMULUS-----------------------
Spot
 args = {'radius': 128, 'temporalFilter': Cell{}, 'duration_s': 2, 'color': (0.5, 0.5, 0.5)}
----------------------STIMULUS-----------------------
Spot
 args = {'radius': 128, 'temporalFilter': Cell{}, 'duration_s': 2, 'color': 'white'}
----------------------STIMULUS-----------------------
Spot
 args = {'radius': 128, 'temporalFilter': Cell{}, 'duration_s': 2, 'color': (0.5, 0.5, 0.5)}
----------------------STIMULUS-----------------------
Blank
 args = {'temporalFilter': Cell{}, 'duration_s': 2.0}
----------------------STIMULUS-----------------------
Blank
 args = {'temporalFilter': Cell{}, 'duration_s': 1.0}
