#Sequence launch at 2016-08-05_18-04-11
----------------------EXPERIMENT-----------------------
SpotSequence
 args = {'frameRateDivisor': 1}
----------------------STIMULUS-----------------------
Blank
 args = {'duration_s': 1.0, 'temporalFilter': Cell{}}
----------------------STIMULUS-----------------------
Blank
 args = {'duration_s': 2.0, 'temporalFilter': Cell{}}
----------------------STIMULUS-----------------------
Spot
 args = {'duration_s': 2, 'temporalFilter': Cell{}, 'color': 'white', 'radius': 128}
----------------------STIMULUS-----------------------
Spot
 args = {'duration_s': 2, 'temporalFilter': Cell{}, 'color': (0.5, 0.5, 0.5), 'radius': 128}
----------------------STIMULUS-----------------------
Spot
 args = {'duration_s': 2, 'temporalFilter': Cell{}, 'color': 'white', 'radius': 128}
----------------------STIMULUS-----------------------
Spot
 args = {'duration_s': 2, 'temporalFilter': Cell{}, 'color': (0.5, 0.5, 0.5), 'radius': 128}
----------------------STIMULUS-----------------------
Blank
 args = {'duration_s': 2.0, 'temporalFilter': Cell{}}
----------------------STIMULUS-----------------------
Blank
 args = {'duration_s': 1.0, 'temporalFilter': Cell{}}
