#Sequence launch at 2016-07-07_12-23-32
----------------------EXPERIMENT-----------------------
SpotSequence
 args = {'frameRateDivisor': 1}
----------------------STIMULUS-----------------------
Blank
 args = {'temporalFilter': ExponentialLti{}, 'duration_s': 1.0}
----------------------STIMULUS-----------------------
Blank
 args = {'temporalFilter': ExponentialLti{}, 'duration_s': 2.0}
----------------------STIMULUS-----------------------
Spot
 args = {'temporalFilter': ExponentialLti{}, 'color': 'white', 'radius': 128, 'duration_s': 2}
----------------------STIMULUS-----------------------
Spot
 args = {'temporalFilter': ExponentialLti{}, 'color': (0.5, 0.5, 0.5), 'radius': 128, 'duration_s': 2}
----------------------STIMULUS-----------------------
Spot
 args = {'temporalFilter': ExponentialLti{}, 'color': 'white', 'radius': 128, 'duration_s': 2}
----------------------STIMULUS-----------------------
Spot
 args = {'temporalFilter': ExponentialLti{}, 'color': (0.5, 0.5, 0.5), 'radius': 128, 'duration_s': 2}
----------------------STIMULUS-----------------------
Blank
 args = {'temporalFilter': ExponentialLti{}, 'duration_s': 2.0}
----------------------STIMULUS-----------------------
Blank
 args = {'temporalFilter': ExponentialLti{}, 'duration_s': 1.0}
