#Sequence launch at 2016-07-11_21-36-57
----------------------EXPERIMENT-----------------------
SpotSequence
 args = {'frameRateDivisor': 1}
----------------------STIMULUS-----------------------
Blank
 args = {'temporalFilter': ExponentialLti{}, 'duration_s': 1.0}
----------------------STIMULUS-----------------------
Blank
 args = {'temporalFilter': ExponentialLti{}, 'duration_s': 2.0}
----------------------STIMULUS-----------------------
Spot
 args = {'radius': 128, 'temporalFilter': ExponentialLti{}, 'color': 'white', 'duration_s': 2}
----------------------STIMULUS-----------------------
Spot
 args = {'radius': 128, 'temporalFilter': ExponentialLti{}, 'color': (0.5, 0.5, 0.5), 'duration_s': 2}
----------------------STIMULUS-----------------------
Spot
 args = {'radius': 128, 'temporalFilter': ExponentialLti{}, 'color': 'white', 'duration_s': 2}
----------------------STIMULUS-----------------------
Spot
 args = {'radius': 128, 'temporalFilter': ExponentialLti{}, 'color': (0.5, 0.5, 0.5), 'duration_s': 2}
----------------------STIMULUS-----------------------
Blank
 args = {'temporalFilter': ExponentialLti{}, 'duration_s': 2.0}
----------------------STIMULUS-----------------------
Blank
 args = {'temporalFilter': ExponentialLti{}, 'duration_s': 1.0}
