#Sequence launch at 2016-07-07_10-34-02
----------------------EXPERIMENT-----------------------
SpotSequence
 args = {'frameRateDivisor': 1}
----------------------STIMULUS-----------------------
Blank
 args = {'temporalFilter': ExponentialLti{}, 'duration_s': 1.0}
----------------------STIMULUS-----------------------
Blank
 args = {'temporalFilter': ExponentialLti{}, 'duration_s': 2.0}
----------------------STIMULUS-----------------------
Spot
 args = {'temporalFilter': ExponentialLti{}, 'color': 'white', 'duration_s': 2, 'radius': 128}
----------------------STIMULUS-----------------------
Spot
 args = {'temporalFilter': ExponentialLti{}, 'color': (0.5, 0.5, 0.5), 'duration_s': 2, 'radius': 128}
----------------------STIMULUS-----------------------
Spot
 args = {'temporalFilter': ExponentialLti{}, 'color': 'white', 'duration_s': 2, 'radius': 128}
----------------------STIMULUS-----------------------
Spot
 args = {'temporalFilter': ExponentialLti{}, 'color': (0.5, 0.5, 0.5), 'duration_s': 2, 'radius': 128}
----------------------STIMULUS-----------------------
Blank
 args = {'temporalFilter': ExponentialLti{}, 'duration_s': 2.0}
----------------------STIMULUS-----------------------
Blank
 args = {'temporalFilter': ExponentialLti{}, 'duration_s': 1.0}
