#Sequence launch at 2016-07-11_13-13-18
----------------------EXPERIMENT-----------------------
SpotSequence
 args = {'frameRateDivisor': 1}
----------------------STIMULUS-----------------------
Blank
 args = {'temporalFilter': ExponentialLti{}, 'duration_s': 1.0}
----------------------STIMULUS-----------------------
Blank
 args = {'temporalFilter': ExponentialLti{}, 'duration_s': 2.0}
----------------------STIMULUS-----------------------
Spot
 args = {'temporalFilter': ExponentialLti{}, 'duration_s': 2, 'color': 'white', 'radius': 128}
----------------------STIMULUS-----------------------
Spot
 args = {'temporalFilter': ExponentialLti{}, 'duration_s': 2, 'color': (0.5, 0.5, 0.5), 'radius': 128}
----------------------STIMULUS-----------------------
Spot
 args = {'temporalFilter': ExponentialLti{}, 'duration_s': 2, 'color': 'white', 'radius': 128}
----------------------STIMULUS-----------------------
Spot
 args = {'temporalFilter': ExponentialLti{}, 'duration_s': 2, 'color': (0.5, 0.5, 0.5), 'radius': 128}
----------------------STIMULUS-----------------------
Blank
 args = {'temporalFilter': ExponentialLti{}, 'duration_s': 2.0}
----------------------STIMULUS-----------------------
Blank
 args = {'temporalFilter': ExponentialLti{}, 'duration_s': 1.0}
