#Sequence launch at 2016-07-13_23-24-08
----------------------EXPERIMENT-----------------------
SpotSequence
 args = {'frameRateDivisor': 1}
----------------------STIMULUS-----------------------
Blank
 args = {'temporalFilter': CellLti7{}, 'duration_s': 1.0}
----------------------STIMULUS-----------------------
Blank
 args = {'temporalFilter': CellLti7{}, 'duration_s': 2.0}
----------------------STIMULUS-----------------------
Spot
 args = {'radius': 128, 'duration_s': 2, 'temporalFilter': CellLti7{}, 'color': 'white'}
----------------------STIMULUS-----------------------
Spot
 args = {'radius': 128, 'duration_s': 2, 'temporalFilter': CellLti7{}, 'color': (0.5, 0.5, 0.5)}
----------------------STIMULUS-----------------------
Spot
 args = {'radius': 128, 'duration_s': 2, 'temporalFilter': CellLti7{}, 'color': 'white'}
----------------------STIMULUS-----------------------
Spot
 args = {'radius': 128, 'duration_s': 2, 'temporalFilter': CellLti7{}, 'color': (0.5, 0.5, 0.5)}
----------------------STIMULUS-----------------------
Blank
 args = {'temporalFilter': CellLti7{}, 'duration_s': 2.0}
----------------------STIMULUS-----------------------
Blank
 args = {'temporalFilter': CellLti7{}, 'duration_s': 1.0}
