#Sequence launch at 2016-07-14_08-47-09
----------------------EXPERIMENT-----------------------
SpotSequence
 args = {'frameRateDivisor': 1}
----------------------STIMULUS-----------------------
Blank
 args = {'temporalFilter': CellLti7{}, 'duration_s': 1.0}
----------------------STIMULUS-----------------------
Blank
 args = {'temporalFilter': CellLti7{}, 'duration_s': 2.0}
----------------------STIMULUS-----------------------
Spot
 args = {'radius': 128, 'color': 'white', 'temporalFilter': CellLti7{}, 'duration_s': 2}
----------------------STIMULUS-----------------------
Spot
 args = {'radius': 128, 'color': (0.5, 0.5, 0.5), 'temporalFilter': CellLti7{}, 'duration_s': 2}
----------------------STIMULUS-----------------------
Spot
 args = {'radius': 128, 'color': 'white', 'temporalFilter': CellLti7{}, 'duration_s': 2}
----------------------STIMULUS-----------------------
Spot
 args = {'radius': 128, 'color': (0.5, 0.5, 0.5), 'temporalFilter': CellLti7{}, 'duration_s': 2}
----------------------STIMULUS-----------------------
Blank
 args = {'temporalFilter': CellLti7{}, 'duration_s': 2.0}
----------------------STIMULUS-----------------------
Blank
 args = {'temporalFilter': CellLti7{}, 'duration_s': 1.0}
