#Sequence launch at 2016-07-14_08-38-26
----------------------EXPERIMENT-----------------------
SpotSequence
 args = {'frameRateDivisor': 1}
----------------------STIMULUS-----------------------
Blank
 args = {'temporalFilter': CellLti7{}, 'duration_s': 1.0}
----------------------STIMULUS-----------------------
Blank
 args = {'temporalFilter': CellLti7{}, 'duration_s': 2.0}
----------------------STIMULUS-----------------------
Spot
 args = {'color': 'white', 'duration_s': 2, 'radius': 128, 'temporalFilter': CellLti7{}}
----------------------STIMULUS-----------------------
Spot
 args = {'color': (0.5, 0.5, 0.5), 'duration_s': 2, 'radius': 128, 'temporalFilter': CellLti7{}}
----------------------STIMULUS-----------------------
Spot
 args = {'color': 'white', 'duration_s': 2, 'radius': 128, 'temporalFilter': CellLti7{}}
----------------------STIMULUS-----------------------
Spot
 args = {'color': (0.5, 0.5, 0.5), 'duration_s': 2, 'radius': 128, 'temporalFilter': CellLti7{}}
----------------------STIMULUS-----------------------
Blank
 args = {'temporalFilter': CellLti7{}, 'duration_s': 2.0}
----------------------STIMULUS-----------------------
Blank
 args = {'temporalFilter': CellLti7{}, 'duration_s': 1.0}
