#Sequence launch at 2016-07-14_10-58-08
----------------------EXPERIMENT-----------------------
SpotSequence
 args = {'frameRateDivisor': 1}
----------------------STIMULUS-----------------------
Blank
 args = {'temporalFilter': CellLti3{}, 'duration_s': 1.0}
----------------------STIMULUS-----------------------
Blank
 args = {'temporalFilter': CellLti3{}, 'duration_s': 2.0}
----------------------STIMULUS-----------------------
Spot
 args = {'temporalFilter': CellLti3{}, 'color': (0.0, 1.0, 1.0), 'radius': 128, 'duration_s': 4}
----------------------STIMULUS-----------------------
Spot
 args = {'temporalFilter': CellLti3{}, 'color': (0.0, 0.5, 0.5), 'radius': 128, 'duration_s': 2}
----------------------STIMULUS-----------------------
Spot
 args = {'temporalFilter': CellLti3{}, 'color': 'yellow', 'radius': 128, 'duration_s': 2}
----------------------STIMULUS-----------------------
Spot
 args = {'temporalFilter': CellLti3{}, 'color': (0.5, 0.0, 0.5), 'radius': 128, 'duration_s': 2}
----------------------STIMULUS-----------------------
Blank
 args = {'temporalFilter': CellLti3{}, 'duration_s': 2.0}
----------------------STIMULUS-----------------------
Blank
 args = {'temporalFilter': CellLti3{}, 'duration_s': 1.0}
