#Sequence launch at 2016-07-14_10-59-14
----------------------EXPERIMENT-----------------------
SpotSequence
 args = {'frameRateDivisor': 1}
----------------------STIMULUS-----------------------
Blank
 args = {'duration_s': 1.0, 'temporalFilter': CellLti3{}}
----------------------STIMULUS-----------------------
Blank
 args = {'duration_s': 2.0, 'temporalFilter': CellLti3{}}
----------------------STIMULUS-----------------------
Spot
 args = {'color': (0.0, 1.0, 1.0), 'duration_s': 4, 'temporalFilter': CellLti3{}, 'radius': 128}
----------------------STIMULUS-----------------------
Spot
 args = {'color': (0.0, 0.5, 0.5), 'duration_s': 2, 'temporalFilter': CellLti3{}, 'radius': 128}
----------------------STIMULUS-----------------------
Spot
 args = {'color': 'yellow', 'duration_s': 2, 'temporalFilter': CellLti3{}, 'radius': 128}
----------------------STIMULUS-----------------------
Spot
 args = {'color': (0.5, 0.0, 0.5), 'duration_s': 2, 'temporalFilter': CellLti3{}, 'radius': 128}
----------------------STIMULUS-----------------------
Blank
 args = {'duration_s': 2.0, 'temporalFilter': CellLti3{}}
----------------------STIMULUS-----------------------
Blank
 args = {'duration_s': 1.0, 'temporalFilter': CellLti3{}}
