#Sequence launch at 2016-07-14_09-50-13
----------------------EXPERIMENT-----------------------
SpotSequence
 args = {'frameRateDivisor': 1}
----------------------STIMULUS-----------------------
Blank
 args = {'temporalFilter': CellLti3{}, 'duration_s': 1.0}
----------------------STIMULUS-----------------------
Blank
 args = {'temporalFilter': CellLti3{}, 'duration_s': 2.0}
----------------------STIMULUS-----------------------
Spot
 args = {'temporalFilter': CellLti3{}, 'radius': 128, 'duration_s': 2, 'color': 'magenta'}
----------------------STIMULUS-----------------------
Spot
 args = {'temporalFilter': CellLti3{}, 'radius': 128, 'duration_s': 2, 'color': (0.0, 0.5, 0.5)}
----------------------STIMULUS-----------------------
Spot
 args = {'temporalFilter': CellLti3{}, 'radius': 128, 'duration_s': 2, 'color': 'yellow'}
----------------------STIMULUS-----------------------
Spot
 args = {'temporalFilter': CellLti3{}, 'radius': 128, 'duration_s': 2, 'color': (0.5, 0.0, 0.5)}
----------------------STIMULUS-----------------------
Blank
 args = {'temporalFilter': CellLti3{}, 'duration_s': 2.0}
----------------------STIMULUS-----------------------
Blank
 args = {'temporalFilter': CellLti3{}, 'duration_s': 1.0}
