#Sequence launch at 2016-07-14_09-46-47
----------------------EXPERIMENT-----------------------
SpotSequence
 args = {'frameRateDivisor': 1}
----------------------STIMULUS-----------------------
Blank
 args = {'duration_s': 1.0, 'temporalFilter': CellLti3{}}
----------------------STIMULUS-----------------------
Blank
 args = {'duration_s': 2.0, 'temporalFilter': CellLti3{}}
----------------------STIMULUS-----------------------
Spot
 args = {'color': 'magenta', 'duration_s': 2, 'radius': 128, 'temporalFilter': CellLti3{}}
----------------------STIMULUS-----------------------
Spot
 args = {'color': (0.0, 0.5, 0.5), 'duration_s': 2, 'radius': 128, 'temporalFilter': CellLti3{}}
----------------------STIMULUS-----------------------
Spot
 args = {'color': 'yellow', 'duration_s': 2, 'radius': 128, 'temporalFilter': CellLti3{}}
----------------------STIMULUS-----------------------
Spot
 args = {'color': (0.5, 0.0, 0.5), 'duration_s': 2, 'radius': 128, 'temporalFilter': CellLti3{}}
----------------------STIMULUS-----------------------
Blank
 args = {'duration_s': 2.0, 'temporalFilter': CellLti3{}}
----------------------STIMULUS-----------------------
Blank
 args = {'duration_s': 1.0, 'temporalFilter': CellLti3{}}
