#Sequence launch at 2016-07-14_09-55-37
----------------------EXPERIMENT-----------------------
SpotSequence
 args = {'frameRateDivisor': 1}
----------------------STIMULUS-----------------------
Blank
 args = {'temporalFilter': CellLti3{}, 'duration_s': 1.0}
----------------------STIMULUS-----------------------
Blank
 args = {'temporalFilter': CellLti3{}, 'duration_s': 2.0}
----------------------STIMULUS-----------------------
Spot
 args = {'color': (1.0, 0.0, 1.0), 'radius': 128, 'duration_s': 4, 'temporalFilter': CellLti3{}}
----------------------STIMULUS-----------------------
Spot
 args = {'color': (0.0, 0.5, 0.5), 'radius': 128, 'duration_s': 2, 'temporalFilter': CellLti3{}}
----------------------STIMULUS-----------------------
Spot
 args = {'color': 'yellow', 'radius': 128, 'duration_s': 2, 'temporalFilter': CellLti3{}}
----------------------STIMULUS-----------------------
Spot
 args = {'color': (0.5, 0.0, 0.5), 'radius': 128, 'duration_s': 2, 'temporalFilter': CellLti3{}}
----------------------STIMULUS-----------------------
Blank
 args = {'temporalFilter': CellLti3{}, 'duration_s': 2.0}
----------------------STIMULUS-----------------------
Blank
 args = {'temporalFilter': CellLti3{}, 'duration_s': 1.0}
