#Sequence launch at 2016-07-14_09-54-44
----------------------EXPERIMENT-----------------------
SpotSequence
 args = {'frameRateDivisor': 1}
----------------------STIMULUS-----------------------
Blank
 args = {'duration_s': 1.0, 'temporalFilter': CellLti3{}}
----------------------STIMULUS-----------------------
Blank
 args = {'duration_s': 2.0, 'temporalFilter': CellLti3{}}
----------------------STIMULUS-----------------------
Spot
 args = {'radius': 128, 'color': 'red', 'duration_s': 2, 'temporalFilter': CellLti3{}}
----------------------STIMULUS-----------------------
Spot
 args = {'radius': 128, 'color': (0.0, 0.5, 0.5), 'duration_s': 2, 'temporalFilter': CellLti3{}}
----------------------STIMULUS-----------------------
Spot
 args = {'radius': 128, 'color': 'yellow', 'duration_s': 2, 'temporalFilter': CellLti3{}}
----------------------STIMULUS-----------------------
Spot
 args = {'radius': 128, 'color': (0.5, 0.0, 0.5), 'duration_s': 2, 'temporalFilter': CellLti3{}}
----------------------STIMULUS-----------------------
Blank
 args = {'duration_s': 2.0, 'temporalFilter': CellLti3{}}
----------------------STIMULUS-----------------------
Blank
 args = {'duration_s': 1.0, 'temporalFilter': CellLti3{}}
