#Sequence launch at 2016-07-14_10-34-52
----------------------EXPERIMENT-----------------------
SpotSequence
 args = {'frameRateDivisor': 1}
----------------------STIMULUS-----------------------
Blank
 args = {'duration_s': 1.0, 'temporalFilter': CellLti3{}}
----------------------STIMULUS-----------------------
Blank
 args = {'duration_s': 2.0, 'temporalFilter': CellLti3{}}
----------------------STIMULUS-----------------------
Spot
 args = {'radius': 128, 'duration_s': 4, 'color': (0.0, 1.0, 1.0), 'temporalFilter': CellLti3{}}
----------------------STIMULUS-----------------------
Spot
 args = {'radius': 128, 'duration_s': 2, 'color': (0.0, 0.5, 0.5), 'temporalFilter': CellLti3{}}
----------------------STIMULUS-----------------------
Spot
 args = {'radius': 128, 'duration_s': 2, 'color': 'yellow', 'temporalFilter': CellLti3{}}
----------------------STIMULUS-----------------------
Spot
 args = {'radius': 128, 'duration_s': 2, 'color': (0.5, 0.0, 0.5), 'temporalFilter': CellLti3{}}
----------------------STIMULUS-----------------------
Blank
 args = {'duration_s': 2.0, 'temporalFilter': CellLti3{}}
----------------------STIMULUS-----------------------
Blank
 args = {'duration_s': 1.0, 'temporalFilter': CellLti3{}}
