#Sequence launch at 2016-07-14_09-34-59
----------------------EXPERIMENT-----------------------
SpotSequence
 args = {'frameRateDivisor': 1}
----------------------STIMULUS-----------------------
Blank
 args = {'duration_s': 1.0, 'temporalFilter': CellLti7{}}
----------------------STIMULUS-----------------------
Blank
 args = {'duration_s': 2.0, 'temporalFilter': CellLti7{}}
----------------------STIMULUS-----------------------
Spot
 args = {'duration_s': 2, 'color': 'white', 'radius': 128, 'temporalFilter': CellLti7{}}
----------------------STIMULUS-----------------------
Spot
 args = {'duration_s': 2, 'color': (0.5, 0.5, 0.5), 'radius': 128, 'temporalFilter': CellLti7{}}
----------------------STIMULUS-----------------------
Spot
 args = {'duration_s': 2, 'color': 'white', 'radius': 128, 'temporalFilter': CellLti7{}}
----------------------STIMULUS-----------------------
Spot
 args = {'duration_s': 2, 'color': (0.5, 0.5, 0.5), 'radius': 128, 'temporalFilter': CellLti7{}}
----------------------STIMULUS-----------------------
Blank
 args = {'duration_s': 2.0, 'temporalFilter': CellLti7{}}
----------------------STIMULUS-----------------------
Blank
 args = {'duration_s': 1.0, 'temporalFilter': CellLti7{}}
