#Sequence launch at 2016-07-14_12-38-00
----------------------EXPERIMENT-----------------------
SpotSequence
 args = {'frameRateDivisor': 1}
----------------------STIMULUS-----------------------
Blank
 args = {'temporalFilter': CellLti7{}, 'duration_s': 1.0}
----------------------STIMULUS-----------------------
Blank
 args = {'temporalFilter': CellLti7{}, 'duration_s': 2.0}
----------------------STIMULUS-----------------------
Spot
 args = {'color': (1.0, 0.0, 1.0), 'temporalFilter': CellLti7{}, 'radius': 128, 'duration_s': 4}
----------------------STIMULUS-----------------------
Spot
 args = {'color': (0.0, 0.5, 0.5), 'temporalFilter': CellLti7{}, 'radius': 128, 'duration_s': 2}
----------------------STIMULUS-----------------------
Spot
 args = {'color': 'yellow', 'temporalFilter': CellLti7{}, 'radius': 128, 'duration_s': 2}
----------------------STIMULUS-----------------------
Spot
 args = {'color': (0.5, 0.0, 0.5), 'temporalFilter': CellLti7{}, 'radius': 128, 'duration_s': 2}
----------------------STIMULUS-----------------------
Blank
 args = {'temporalFilter': CellLti7{}, 'duration_s': 2.0}
----------------------STIMULUS-----------------------
Blank
 args = {'temporalFilter': CellLti7{}, 'duration_s': 1.0}
