#Sequence launch at 2016-07-14_11-05-30
----------------------EXPERIMENT-----------------------
SpotSequence
 args = {'frameRateDivisor': 1}
----------------------STIMULUS-----------------------
Blank
 args = {'temporalFilter': CellLti7{}, 'duration_s': 1.0}
----------------------STIMULUS-----------------------
Blank
 args = {'temporalFilter': CellLti7{}, 'duration_s': 2.0}
----------------------STIMULUS-----------------------
Spot
 args = {'duration_s': 4, 'radius': 128, 'temporalFilter': CellLti7{}, 'color': (1.0, 0.0, 1.0)}
----------------------STIMULUS-----------------------
Spot
 args = {'duration_s': 2, 'radius': 128, 'temporalFilter': CellLti7{}, 'color': (0.0, 0.5, 0.5)}
----------------------STIMULUS-----------------------
Spot
 args = {'duration_s': 2, 'radius': 128, 'temporalFilter': CellLti7{}, 'color': 'yellow'}
----------------------STIMULUS-----------------------
Spot
 args = {'duration_s': 2, 'radius': 128, 'temporalFilter': CellLti7{}, 'color': (0.5, 0.0, 0.5)}
----------------------STIMULUS-----------------------
Blank
 args = {'temporalFilter': CellLti7{}, 'duration_s': 2.0}
----------------------STIMULUS-----------------------
Blank
 args = {'temporalFilter': CellLti7{}, 'duration_s': 1.0}
