#Sequence launch at 2016-07-14_12-51-47
----------------------EXPERIMENT-----------------------
SpotSequence
 args = {'frameRateDivisor': 1}
----------------------STIMULUS-----------------------
Blank
 args = {'temporalFilter': RandomLti7{}, 'duration_s': 1.0}
----------------------STIMULUS-----------------------
Blank
 args = {'temporalFilter': RandomLti7{}, 'duration_s': 2.0}
----------------------STIMULUS-----------------------
Spot
 args = {'temporalFilter': RandomLti7{}, 'duration_s': 4, 'color': (1.0, 0.0, 1.0), 'radius': 128}
----------------------STIMULUS-----------------------
Spot
 args = {'temporalFilter': RandomLti7{}, 'duration_s': 2, 'color': (0.0, 0.5, 0.5), 'radius': 128}
----------------------STIMULUS-----------------------
Spot
 args = {'temporalFilter': RandomLti7{}, 'duration_s': 2, 'color': 'yellow', 'radius': 128}
----------------------STIMULUS-----------------------
Spot
 args = {'temporalFilter': RandomLti7{}, 'duration_s': 2, 'color': (0.5, 0.0, 0.5), 'radius': 128}
----------------------STIMULUS-----------------------
Blank
 args = {'temporalFilter': RandomLti7{}, 'duration_s': 2.0}
----------------------STIMULUS-----------------------
Blank
 args = {'temporalFilter': RandomLti7{}, 'duration_s': 1.0}
