#Sequence launch at 2016-07-11_23-00-49
----------------------EXPERIMENT-----------------------
SpotSequence
 args = {'frameRateDivisor': 1}
----------------------STIMULUS-----------------------
Blank
 args = {'temporalFilter': CellLti3{}, 'duration_s': 1.0}
----------------------STIMULUS-----------------------
Blank
 args = {'temporalFilter': CellLti3{}, 'duration_s': 2.0}
----------------------STIMULUS-----------------------
Spot
 args = {'temporalFilter': CellLti3{}, 'radius': 128, 'color': 'white', 'duration_s': 2}
----------------------STIMULUS-----------------------
Spot
 args = {'temporalFilter': CellLti3{}, 'radius': 128, 'color': (0.5, 0.5, 0.5), 'duration_s': 2}
----------------------STIMULUS-----------------------
Spot
 args = {'temporalFilter': CellLti3{}, 'radius': 128, 'color': 'white', 'duration_s': 2}
----------------------STIMULUS-----------------------
Spot
 args = {'temporalFilter': CellLti3{}, 'radius': 128, 'color': (0.5, 0.5, 0.5), 'duration_s': 2}
----------------------STIMULUS-----------------------
Blank
 args = {'temporalFilter': CellLti3{}, 'duration_s': 2.0}
----------------------STIMULUS-----------------------
Blank
 args = {'temporalFilter': CellLti3{}, 'duration_s': 1.0}
