#Sequence launch at 2016-07-11_22-58-10
----------------------EXPERIMENT-----------------------
SpotSequence
 args = {'frameRateDivisor': 3}
----------------------STIMULUS-----------------------
Blank
 args = {'duration_s': 1.0, 'temporalFilter': CellLti3{}}
----------------------STIMULUS-----------------------
Blank
 args = {'duration_s': 2.0, 'temporalFilter': CellLti3{}}
----------------------STIMULUS-----------------------
Spot
 args = {'duration_s': 2, 'radius': 128, 'temporalFilter': CellLti3{}, 'color': 'white'}
----------------------STIMULUS-----------------------
Spot
 args = {'duration_s': 2, 'radius': 128, 'temporalFilter': CellLti3{}, 'color': (0.5, 0.5, 0.5)}
----------------------STIMULUS-----------------------
Spot
 args = {'duration_s': 2, 'radius': 128, 'temporalFilter': CellLti3{}, 'color': 'white'}
----------------------STIMULUS-----------------------
Spot
 args = {'duration_s': 2, 'radius': 128, 'temporalFilter': CellLti3{}, 'color': (0.5, 0.5, 0.5)}
----------------------STIMULUS-----------------------
Blank
 args = {'duration_s': 2.0, 'temporalFilter': CellLti3{}}
----------------------STIMULUS-----------------------
Blank
 args = {'duration_s': 1.0, 'temporalFilter': CellLti3{}}
