#Sequence launch at 2016-07-11_22-55-53
----------------------EXPERIMENT-----------------------
SpotSequence
 args = {'frameRateDivisor': 1}
----------------------STIMULUS-----------------------
Blank
 args = {'duration_s': 1.0, 'temporalFilter': CellLti3{}}
----------------------STIMULUS-----------------------
Blank
 args = {'duration_s': 2.0, 'temporalFilter': CellLti3{}}
----------------------STIMULUS-----------------------
Spot
 args = {'duration_s': 2, 'radius': 128, 'color': 'white', 'temporalFilter': CellLti3{}}
----------------------STIMULUS-----------------------
Spot
 args = {'duration_s': 2, 'radius': 128, 'color': (0.5, 0.5, 0.5), 'temporalFilter': CellLti3{}}
----------------------STIMULUS-----------------------
Spot
 args = {'duration_s': 2, 'radius': 128, 'color': 'white', 'temporalFilter': CellLti3{}}
----------------------STIMULUS-----------------------
Spot
 args = {'duration_s': 2, 'radius': 128, 'color': (0.5, 0.5, 0.5), 'temporalFilter': CellLti3{}}
----------------------STIMULUS-----------------------
Blank
 args = {'duration_s': 2.0, 'temporalFilter': CellLti3{}}
----------------------STIMULUS-----------------------
Blank
 args = {'duration_s': 1.0, 'temporalFilter': CellLti3{}}
