#Sequence launch at 2016-07-11_22-16-15
----------------------EXPERIMENT-----------------------
SpotSequence
 args = {'frameRateDivisor': 1}
----------------------STIMULUS-----------------------
Blank
 args = {'duration_s': 1.0, 'temporalFilter': CellLti3{}}
----------------------STIMULUS-----------------------
Blank
 args = {'duration_s': 2.0, 'temporalFilter': CellLti3{}}
----------------------STIMULUS-----------------------
Spot
 args = {'radius': 128, 'temporalFilter': CellLti3{}, 'duration_s': 2, 'color': 'white'}
----------------------STIMULUS-----------------------
Spot
 args = {'radius': 128, 'temporalFilter': CellLti3{}, 'duration_s': 2, 'color': (0.5, 0.5, 0.5)}
----------------------STIMULUS-----------------------
Spot
 args = {'radius': 128, 'temporalFilter': CellLti3{}, 'duration_s': 2, 'color': 'white'}
----------------------STIMULUS-----------------------
Spot
 args = {'radius': 128, 'temporalFilter': CellLti3{}, 'duration_s': 2, 'color': (0.5, 0.5, 0.5)}
----------------------STIMULUS-----------------------
Blank
 args = {'duration_s': 2.0, 'temporalFilter': CellLti3{}}
----------------------STIMULUS-----------------------
Blank
 args = {'duration_s': 1.0, 'temporalFilter': CellLti3{}}
