#Sequence launch at 2016-07-10_19-51-07
----------------------EXPERIMENT-----------------------
SpotSequence
 args = {}
----------------------STIMULUS-----------------------
Blank
 args = {'duration_s': 2}
----------------------STIMULUS-----------------------
Blank
 args = {'duration_s': 2}
----------------------STIMULUS-----------------------
SpotOscillation
 args = {'radius': 125, 'wavelength_s': 2.002002002002002, 'duration_s': 6}
----------------------STIMULUS-----------------------
Blank
 args = {'duration_s': 6.5}
----------------------STIMULUS-----------------------
SpotOscillation
 args = {'radius': 125, 'wavelength_s': 1.001001001001001, 'duration_s': 6}
----------------------STIMULUS-----------------------
Blank
 args = {'duration_s': 6.5}
----------------------STIMULUS-----------------------
SpotOscillation
 args = {'radius': 125, 'wavelength_s': 0.33366700033366703, 'duration_s': 6}
----------------------STIMULUS-----------------------
Blank
 args = {'duration_s': 6.5}
----------------------STIMULUS-----------------------
SpotOscillation
 args = {'radius': 125, 'wavelength_s': 0.16683350016683351, 'duration_s': 6}
----------------------STIMULUS-----------------------
Blank
 args = {'duration_s': 6.5}
----------------------STIMULUS-----------------------
SpotOscillation
 args = {'radius': 125, 'wavelength_s': 0.1001001001001001, 'duration_s': 6}
----------------------STIMULUS-----------------------
Blank
 args = {'duration_s': 6.5}
----------------------STIMULUS-----------------------
SpotOscillation
 args = {'radius': 125, 'wavelength_s': 0.06673340006673341, 'duration_s': 6}
----------------------STIMULUS-----------------------
Blank
 args = {'duration_s': 4.5}
----------------------STIMULUS-----------------------
Blank
 args = {'duration_s': 2}
