#Sequence launch at 2016-10-25_19-11-50
----------------------EXPERIMENT-----------------------
DefaultSequence
 args = {}
----------------------STIMULUS-----------------------
Blank
 args = {'duration_s': 1}
----------------------STIMULUS-----------------------
Blank
 args = {'duration_s': 3}
----------------------STIMULUS-----------------------
Fullfield
 args = {'duration_s': 2}
----------------------STIMULUS-----------------------
Blank
 args = {'duration_s': 6.5}
----------------------STIMULUS-----------------------
Fullfield
 args = {'duration_s': 2}
----------------------STIMULUS-----------------------
Blank
 args = {'duration_s': 6.5}
----------------------STIMULUS-----------------------
Spot
 args = {'position': ('B', 9), 'duration_s': 2, 'radius': 150}
----------------------STIMULUS-----------------------
Blank
 args = {'duration_s': 6.5}
----------------------STIMULUS-----------------------
Spot
 args = {'position': ('C', 3), 'duration_s': 2, 'radius': 150}
----------------------STIMULUS-----------------------
Blank
 args = {'duration_s': 6.5}
----------------------STIMULUS-----------------------
Spot
 args = {'position': ('L', 11), 'duration_s': 2, 'radius': 150}
----------------------STIMULUS-----------------------
Blank
 args = {'duration_s': 6.5}
----------------------STIMULUS-----------------------
Spot
 args = {'position': ('K', 7), 'duration_s': 2, 'radius': 150}
----------------------STIMULUS-----------------------
Blank
 args = {'duration_s': 6.5}
----------------------STIMULUS-----------------------
Spot
 args = {'position': ('K', 13), 'duration_s': 2, 'radius': 150}
----------------------STIMULUS-----------------------
Blank
 args = {'duration_s': 6.5}
----------------------STIMULUS-----------------------
Spot
 args = {'position': ('B', 9), 'duration_s': 2, 'radius': 150}
----------------------STIMULUS-----------------------
Blank
 args = {'duration_s': 6.5}
----------------------STIMULUS-----------------------
Spot
 args = {'position': ('C', 3), 'duration_s': 2, 'radius': 150}
----------------------STIMULUS-----------------------
Blank
 args = {'duration_s': 6.5}
----------------------STIMULUS-----------------------
Spot
 args = {'position': ('L', 11), 'duration_s': 2, 'radius': 150}
----------------------STIMULUS-----------------------
Blank
 args = {'duration_s': 6.5}
----------------------STIMULUS-----------------------
Spot
 args = {'position': ('K', 7), 'duration_s': 2, 'radius': 150}
----------------------STIMULUS-----------------------
Blank
 args = {'duration_s': 6.5}
----------------------STIMULUS-----------------------
Spot
 args = {'position': ('K', 13), 'duration_s': 2, 'radius': 150}
----------------------STIMULUS-----------------------
Blank
 args = {'duration_s': 6.5}
----------------------STIMULUS-----------------------
Spot
 args = {'position': ('B', 9), 'duration_s': 2, 'radius': 150}
----------------------STIMULUS-----------------------
Blank
 args = {'duration_s': 6.5}
----------------------STIMULUS-----------------------
Spot
 args = {'position': ('C', 3), 'duration_s': 2, 'radius': 150}
----------------------STIMULUS-----------------------
Blank
 args = {'duration_s': 6.5}
----------------------STIMULUS-----------------------
Spot
 args = {'position': ('L', 11), 'duration_s': 2, 'radius': 150}
----------------------STIMULUS-----------------------
Blank
 args = {'duration_s': 6.5}
----------------------STIMULUS-----------------------
Spot
 args = {'position': ('K', 7), 'duration_s': 2, 'radius': 150}
----------------------STIMULUS-----------------------
Blank
 args = {'duration_s': 6.5}
----------------------STIMULUS-----------------------
Spot
 args = {'position': ('K', 13), 'duration_s': 2, 'radius': 150}
----------------------STIMULUS-----------------------
Blank
 args = {'duration_s': 6.5}
----------------------STIMULUS-----------------------
Fullfield
 args = {'duration_s': 2}
----------------------STIMULUS-----------------------
Blank
 args = {'duration_s': 6.5}
----------------------STIMULUS-----------------------
Fullfield
 args = {'duration_s': 2}
----------------------STIMULUS-----------------------
Blank
 args = {'duration_s': 6.5}
----------------------STIMULUS-----------------------
Blank
 args = {'duration_s': 1}
