#Sequence launch at 2016-10-31_10-00-25
----------------------EXPERIMENT-----------------------
DefaultSequence
 args = {}
----------------------STIMULUS-----------------------
Blank
 args = {'duration_s': 1}
----------------------STIMULUS-----------------------
Blank
 args = {'duration_s': 3}
----------------------STIMULUS-----------------------
Fullfield
 args = {'duration_s': 2}
----------------------STIMULUS-----------------------
Blank
 args = {'duration_s': 6.5}
----------------------STIMULUS-----------------------
Fullfield
 args = {'duration_s': 2}
----------------------STIMULUS-----------------------
Blank
 args = {'duration_s': 6.5}
----------------------STIMULUS-----------------------
Spot
 args = {'radius': 150, 'duration_s': 2, 'position': ('R', 14)}
----------------------STIMULUS-----------------------
Blank
 args = {'duration_s': 6.5}
----------------------STIMULUS-----------------------
Spot
 args = {'radius': 150, 'duration_s': 2, 'position': ('D', 11)}
----------------------STIMULUS-----------------------
Blank
 args = {'duration_s': 6.5}
----------------------STIMULUS-----------------------
Spot
 args = {'radius': 150, 'duration_s': 2, 'position': ('I', 7)}
----------------------STIMULUS-----------------------
Blank
 args = {'duration_s': 6.5}
----------------------STIMULUS-----------------------
Spot
 args = {'radius': 150, 'duration_s': 2, 'position': ('O', 10)}
----------------------STIMULUS-----------------------
Blank
 args = {'duration_s': 6.5}
----------------------STIMULUS-----------------------
Spot
 args = {'radius': 150, 'duration_s': 2, 'position': ('R', 14)}
----------------------STIMULUS-----------------------
Blank
 args = {'duration_s': 6.5}
----------------------STIMULUS-----------------------
Spot
 args = {'radius': 150, 'duration_s': 2, 'position': ('D', 11)}
----------------------STIMULUS-----------------------
Blank
 args = {'duration_s': 6.5}
----------------------STIMULUS-----------------------
Spot
 args = {'radius': 150, 'duration_s': 2, 'position': ('I', 7)}
----------------------STIMULUS-----------------------
Blank
 args = {'duration_s': 6.5}
----------------------STIMULUS-----------------------
Spot
 args = {'radius': 150, 'duration_s': 2, 'position': ('O', 10)}
----------------------STIMULUS-----------------------
Blank
 args = {'duration_s': 6.5}
----------------------STIMULUS-----------------------
Spot
 args = {'radius': 150, 'duration_s': 2, 'position': ('R', 14)}
----------------------STIMULUS-----------------------
Blank
 args = {'duration_s': 6.5}
----------------------STIMULUS-----------------------
Spot
 args = {'radius': 150, 'duration_s': 2, 'position': ('D', 11)}
----------------------STIMULUS-----------------------
Blank
 args = {'duration_s': 6.5}
----------------------STIMULUS-----------------------
Spot
 args = {'radius': 150, 'duration_s': 2, 'position': ('I', 7)}
----------------------STIMULUS-----------------------
Blank
 args = {'duration_s': 6.5}
----------------------STIMULUS-----------------------
Spot
 args = {'radius': 150, 'duration_s': 2, 'position': ('O', 10)}
----------------------STIMULUS-----------------------
Blank
 args = {'duration_s': 6.5}
----------------------STIMULUS-----------------------
Fullfield
 args = {'duration_s': 2}
----------------------STIMULUS-----------------------
Blank
 args = {'duration_s': 6.5}
----------------------STIMULUS-----------------------
Fullfield
 args = {'duration_s': 2}
----------------------STIMULUS-----------------------
Blank
 args = {'duration_s': 6.5}
----------------------STIMULUS-----------------------
Blank
 args = {'duration_s': 1}
